[2017-03-15 15:15:03.218] [INFO] livreor - LivreOr : http://localhost:8069
[2017-03-15 15:15:03.226] [INFO] livreor - LOADED CONFIG ==>  DEV
[2017-03-15 15:15:36.544] [INFO] livreor - ::ffff:127.0.0.1 - - [15/Mar/2017:14:15:36 +0000] "GET / HTTP/1.1" 200 2610 "http://localhost:8069/" "Mozilla/5.0 (Macintosh; Intel Mac OS X 10_12_3) AppleWebKit/537.36 (KHTML, like Gecko) Chrome/56.0.2924.87 Safari/537.36"

[2017-03-15 15:15:36.556] [INFO] livreor - ::ffff:127.0.0.1 - - [15/Mar/2017:14:15:36 +0000] "GET /assets/semantic/semantic.min.css HTTP/1.1" 304 - "http://localhost:8069/" "Mozilla/5.0 (Macintosh; Intel Mac OS X 10_12_3) AppleWebKit/537.36 (KHTML, like Gecko) Chrome/56.0.2924.87 Safari/537.36"

[2017-03-15 15:15:36.703] [INFO] livreor - ::ffff:127.0.0.1 - - [15/Mar/2017:14:15:36 +0000] "GET /assets/semantic/themes/default/assets/fonts/icons.woff2 HTTP/1.1" 304 - "http://localhost:8069/assets/semantic/semantic.min.css" "Mozilla/5.0 (Macintosh; Intel Mac OS X 10_12_3) AppleWebKit/537.36 (KHTML, like Gecko) Chrome/56.0.2924.87 Safari/537.36"

[2017-03-15 15:15:40.544] [INFO] livreor - ::ffff:127.0.0.1 - - [15/Mar/2017:14:15:40 +0000] "POST / HTTP/1.1" 302 46 "http://localhost:8069/" "Mozilla/5.0 (Macintosh; Intel Mac OS X 10_12_3) AppleWebKit/537.36 (KHTML, like Gecko) Chrome/56.0.2924.87 Safari/537.36"

[2017-03-15 15:15:40.550] [INFO] livreor - ::ffff:127.0.0.1 - - [15/Mar/2017:14:15:40 +0000] "GET / HTTP/1.1" 200 3047 "http://localhost:8069/" "Mozilla/5.0 (Macintosh; Intel Mac OS X 10_12_3) AppleWebKit/537.36 (KHTML, like Gecko) Chrome/56.0.2924.87 Safari/537.36"

[2017-03-15 15:15:40.559] [INFO] livreor - ::ffff:127.0.0.1 - - [15/Mar/2017:14:15:40 +0000] "GET /assets/semantic/semantic.min.css HTTP/1.1" 304 - "http://localhost:8069/" "Mozilla/5.0 (Macintosh; Intel Mac OS X 10_12_3) AppleWebKit/537.36 (KHTML, like Gecko) Chrome/56.0.2924.87 Safari/537.36"

[2017-03-15 15:15:40.644] [INFO] livreor - ::ffff:127.0.0.1 - - [15/Mar/2017:14:15:40 +0000] "GET /assets/semantic/themes/default/assets/fonts/icons.woff2 HTTP/1.1" 304 - "http://localhost:8069/assets/semantic/semantic.min.css" "Mozilla/5.0 (Macintosh; Intel Mac OS X 10_12_3) AppleWebKit/537.36 (KHTML, like Gecko) Chrome/56.0.2924.87 Safari/537.36"

[2017-03-15 15:17:35.281] [INFO] livreor - LivreOr : http://localhost:8069
[2017-03-15 15:17:35.286] [INFO] livreor - LOADED CONFIG ==>  DEV
[2017-03-15 15:22:42.249] [INFO] livreor - ::ffff:127.0.0.1 - - [15/Mar/2017:14:22:42 +0000] "GET /message/3 HTTP/1.1" 200 814 "http://localhost:8069/" "Mozilla/5.0 (Macintosh; Intel Mac OS X 10_12_3) AppleWebKit/537.36 (KHTML, like Gecko) Chrome/56.0.2924.87 Safari/537.36"

[2017-03-15 15:22:42.261] [INFO] livreor - ::ffff:127.0.0.1 - - [15/Mar/2017:14:22:42 +0000] "GET /assets/semantic/semantic.min.css HTTP/1.1" 304 - "http://localhost:8069/message/3" "Mozilla/5.0 (Macintosh; Intel Mac OS X 10_12_3) AppleWebKit/537.36 (KHTML, like Gecko) Chrome/56.0.2924.87 Safari/537.36"

[2017-03-15 15:48:56.174] [INFO] livreor - LivreOr : http://localhost:8069
[2017-03-15 15:48:56.179] [INFO] livreor - LOADED CONFIG ==>  DEV
[2017-03-15 15:49:26.539] [INFO] livreor - LivreOr : http://localhost:8069
[2017-03-15 15:49:26.543] [INFO] livreor - LOADED CONFIG ==>  DEV
[2017-03-15 15:51:27.454] [INFO] livreor - LivreOr : http://localhost:8069
[2017-03-15 15:51:27.459] [INFO] livreor - LOADED CONFIG ==>  DEV
[2017-03-15 15:53:10.034] [INFO] livreor - LivreOr : http://localhost:8069
[2017-03-15 15:53:10.039] [INFO] livreor - LOADED CONFIG ==>  DEV
[2017-03-15 15:53:36.448] [INFO] livreor - LivreOr : http://localhost:8069
[2017-03-15 15:53:36.453] [INFO] livreor - LOADED CONFIG ==>  DEV
[2017-03-15 15:54:02.212] [INFO] livreor - LivreOr : http://localhost:8069
[2017-03-15 15:54:02.217] [INFO] livreor - LOADED CONFIG ==>  DEV
[2017-03-15 15:54:14.636] [INFO] livreor - ::ffff:127.0.0.1 - - [15/Mar/2017:14:54:14 +0000] "GET /assets/semantic/themes/default/assets/fonts/icons.woff2 HTTP/1.1" 304 - "http://localhost:8069/assets/semantic/semantic.min.css" "Mozilla/5.0 (Macintosh; Intel Mac OS X 10_12_3) AppleWebKit/537.36 (KHTML, like Gecko) Chrome/56.0.2924.87 Safari/537.36"

[2017-03-15 15:54:18.353] [INFO] livreor - ::ffff:127.0.0.1 - - [15/Mar/2017:14:54:18 +0000] "POST / HTTP/1.1" 500 801 "http://localhost:8069/" "Mozilla/5.0 (Macintosh; Intel Mac OS X 10_12_3) AppleWebKit/537.36 (KHTML, like Gecko) Chrome/56.0.2924.87 Safari/537.36"

[2017-03-15 15:54:57.983] [INFO] livreor - LivreOr : http://localhost:8069
[2017-03-15 15:54:57.987] [INFO] livreor - LOADED CONFIG ==>  DEV
[2017-03-15 15:55:03.405] [INFO] livreor - LivreOr : http://localhost:8069
[2017-03-15 15:55:03.410] [INFO] livreor - LOADED CONFIG ==>  DEV
[2017-03-15 15:55:34.378] [INFO] livreor - ::ffff:127.0.0.1 - - [15/Mar/2017:14:55:34 +0000] "POST / HTTP/1.1" 302 46 "http://localhost:8069/" "Mozilla/5.0 (Macintosh; Intel Mac OS X 10_12_3) AppleWebKit/537.36 (KHTML, like Gecko) Chrome/56.0.2924.87 Safari/537.36"

[2017-03-15 15:55:34.408] [INFO] livreor - ::ffff:127.0.0.1 - - [15/Mar/2017:14:55:34 +0000] "GET / HTTP/1.1" 200 3406 "http://localhost:8069/" "Mozilla/5.0 (Macintosh; Intel Mac OS X 10_12_3) AppleWebKit/537.36 (KHTML, like Gecko) Chrome/56.0.2924.87 Safari/537.36"

[2017-03-15 15:55:34.421] [INFO] livreor - ::ffff:127.0.0.1 - - [15/Mar/2017:14:55:34 +0000] "GET /assets/semantic/semantic.min.css HTTP/1.1" 304 - "http://localhost:8069/" "Mozilla/5.0 (Macintosh; Intel Mac OS X 10_12_3) AppleWebKit/537.36 (KHTML, like Gecko) Chrome/56.0.2924.87 Safari/537.36"

[2017-03-15 15:55:34.555] [INFO] livreor - ::ffff:127.0.0.1 - - [15/Mar/2017:14:55:34 +0000] "GET /assets/semantic/themes/default/assets/fonts/icons.woff2 HTTP/1.1" 304 - "http://localhost:8069/assets/semantic/semantic.min.css" "Mozilla/5.0 (Macintosh; Intel Mac OS X 10_12_3) AppleWebKit/537.36 (KHTML, like Gecko) Chrome/56.0.2924.87 Safari/537.36"

[2017-03-15 15:55:39.201] [INFO] livreor - ::ffff:127.0.0.1 - - [15/Mar/2017:14:55:39 +0000] "GET /message/3 HTTP/1.1" 304 - "http://localhost:8069/" "Mozilla/5.0 (Macintosh; Intel Mac OS X 10_12_3) AppleWebKit/537.36 (KHTML, like Gecko) Chrome/56.0.2924.87 Safari/537.36"

[2017-03-15 15:55:39.214] [INFO] livreor - ::ffff:127.0.0.1 - - [15/Mar/2017:14:55:39 +0000] "GET /assets/semantic/semantic.min.css HTTP/1.1" 304 - "http://localhost:8069/message/3" "Mozilla/5.0 (Macintosh; Intel Mac OS X 10_12_3) AppleWebKit/537.36 (KHTML, like Gecko) Chrome/56.0.2924.87 Safari/537.36"

[2017-03-15 15:55:41.135] [INFO] livreor - ::ffff:127.0.0.1 - - [15/Mar/2017:14:55:41 +0000] "GET /assets/semantic/themes/default/assets/fonts/icons.woff2 HTTP/1.1" 304 - "http://localhost:8069/assets/semantic/semantic.min.css" "Mozilla/5.0 (Macintosh; Intel Mac OS X 10_12_3) AppleWebKit/537.36 (KHTML, like Gecko) Chrome/56.0.2924.87 Safari/537.36"

[2017-03-15 15:55:42.896] [INFO] livreor - ::ffff:127.0.0.1 - - [15/Mar/2017:14:55:42 +0000] "GET /message/7 HTTP/1.1" 200 799 "http://localhost:8069/" "Mozilla/5.0 (Macintosh; Intel Mac OS X 10_12_3) AppleWebKit/537.36 (KHTML, like Gecko) Chrome/56.0.2924.87 Safari/537.36"

[2017-03-15 15:55:42.905] [INFO] livreor - ::ffff:127.0.0.1 - - [15/Mar/2017:14:55:42 +0000] "GET /assets/semantic/semantic.min.css HTTP/1.1" 304 - "http://localhost:8069/message/7" "Mozilla/5.0 (Macintosh; Intel Mac OS X 10_12_3) AppleWebKit/537.36 (KHTML, like Gecko) Chrome/56.0.2924.87 Safari/537.36"

[2017-03-15 15:55:44.682] [INFO] livreor - ::ffff:127.0.0.1 - - [15/Mar/2017:14:55:44 +0000] "GET /assets/semantic/themes/default/assets/fonts/icons.woff2 HTTP/1.1" 304 - "http://localhost:8069/assets/semantic/semantic.min.css" "Mozilla/5.0 (Macintosh; Intel Mac OS X 10_12_3) AppleWebKit/537.36 (KHTML, like Gecko) Chrome/56.0.2924.87 Safari/537.36"

[2017-03-15 15:59:56.436] [INFO] livreor - LivreOr : http://localhost:8069
[2017-03-15 15:59:56.441] [INFO] livreor - LOADED CONFIG ==>  DEV
[2017-03-15 16:01:13.222] [INFO] livreor - LivreOr : http://localhost:8069
[2017-03-15 16:01:13.226] [INFO] livreor - LOADED CONFIG ==>  DEV
[2017-03-17 08:02:23.301] [INFO] livreor - LivreOr : http://localhost:8069
[2017-03-17 08:02:23.306] [INFO] livreor - LOADED CONFIG ==>  DEV
[2017-03-17 08:09:08.122] [INFO] livreor - LivreOr : http://localhost:8069
[2017-03-17 08:09:08.127] [INFO] livreor - LOADED CONFIG ==>  DEV
[2017-03-17 08:10:00.186] [INFO] livreor - ::ffff:127.0.0.1 - - [17/Mar/2017:07:10:00 +0000] "GET / HTTP/1.1" 200 3317 "-" "Mozilla/5.0 (Macintosh; Intel Mac OS X 10_12_3) AppleWebKit/537.36 (KHTML, like Gecko) Chrome/56.0.2924.87 Safari/537.36"

[2017-03-17 08:10:00.356] [INFO] livreor - ::ffff:127.0.0.1 - - [17/Mar/2017:07:10:00 +0000] "GET / HTTP/1.1" 200 3317 "-" "Mozilla/5.0 (Macintosh; Intel Mac OS X 10_12_3) AppleWebKit/537.36 (KHTML, like Gecko) Chrome/56.0.2924.87 Safari/537.36"

[2017-03-17 08:10:00.368] [INFO] livreor - ::ffff:127.0.0.1 - - [17/Mar/2017:07:10:00 +0000] "GET /assets/bootstrap3/css/bootstrap.min.css HTTP/1.1" 200 121200 "http://localhost:8069/" "Mozilla/5.0 (Macintosh; Intel Mac OS X 10_12_3) AppleWebKit/537.36 (KHTML, like Gecko) Chrome/56.0.2924.87 Safari/537.36"

[2017-03-18 14:32:57.074] [INFO] livreor - ::ffff:127.0.0.1 - - [18/Mar/2017:13:32:57 +0000] "GET / HTTP/1.1" 200 3317 "-" "Mozilla/5.0 (Macintosh; Intel Mac OS X 10_12_3) AppleWebKit/537.36 (KHTML, like Gecko) Chrome/56.0.2924.87 Safari/537.36"

[2017-03-18 14:32:57.102] [INFO] livreor - ::ffff:127.0.0.1 - - [18/Mar/2017:13:32:57 +0000] "GET /assets/bootstrap3/css/bootstrap.min.css HTTP/1.1" 304 - "http://localhost:8069/" "Mozilla/5.0 (Macintosh; Intel Mac OS X 10_12_3) AppleWebKit/537.36 (KHTML, like Gecko) Chrome/56.0.2924.87 Safari/537.36"

[2017-03-18 14:41:37.705] [INFO] livreor - ::1 - - [18/Mar/2017:13:41:37 +0000] "GET / HTTP/1.1" 200 3565 "-" "Mozilla/5.0 (Macintosh; Intel Mac OS X 10_12_3) AppleWebKit/537.36 (KHTML, like Gecko) Chrome/56.0.2924.87 Safari/537.36"

[2017-03-18 14:41:37.719] [INFO] livreor - ::1 - - [18/Mar/2017:13:41:37 +0000] "GET /assets/bootstrap3/css/bootstrap.min.css HTTP/1.1" 304 - "http://localhost:8069/" "Mozilla/5.0 (Macintosh; Intel Mac OS X 10_12_3) AppleWebKit/537.36 (KHTML, like Gecko) Chrome/56.0.2924.87 Safari/537.36"

[2017-03-18 14:41:40.852] [INFO] livreor - ::1 - - [18/Mar/2017:13:41:40 +0000] "GET /about HTTP/1.1" 404 136 "http://localhost:8069/" "Mozilla/5.0 (Macintosh; Intel Mac OS X 10_12_3) AppleWebKit/537.36 (KHTML, like Gecko) Chrome/56.0.2924.87 Safari/537.36"

[2017-03-18 14:42:17.093] [INFO] livreor - ::1 - - [18/Mar/2017:13:42:17 +0000] "GET / HTTP/1.1" 200 3473 "-" "Mozilla/5.0 (Macintosh; Intel Mac OS X 10_12_3) AppleWebKit/537.36 (KHTML, like Gecko) Chrome/56.0.2924.87 Safari/537.36"

[2017-03-18 14:42:17.102] [INFO] livreor - ::1 - - [18/Mar/2017:13:42:17 +0000] "GET /assets/bootstrap3/css/bootstrap.min.css HTTP/1.1" 304 - "http://localhost:8069/" "Mozilla/5.0 (Macintosh; Intel Mac OS X 10_12_3) AppleWebKit/537.36 (KHTML, like Gecko) Chrome/56.0.2924.87 Safari/537.36"

[2017-03-18 14:43:05.048] [INFO] livreor - ::1 - - [18/Mar/2017:13:43:05 +0000] "POST / HTTP/1.1" 302 46 "http://localhost:8069/" "Mozilla/5.0 (Macintosh; Intel Mac OS X 10_12_3) AppleWebKit/537.36 (KHTML, like Gecko) Chrome/56.0.2924.87 Safari/537.36"

[2017-03-18 14:43:05.056] [INFO] livreor - ::1 - - [18/Mar/2017:13:43:05 +0000] "GET / HTTP/1.1" 200 3577 "http://localhost:8069/" "Mozilla/5.0 (Macintosh; Intel Mac OS X 10_12_3) AppleWebKit/537.36 (KHTML, like Gecko) Chrome/56.0.2924.87 Safari/537.36"

[2017-03-18 14:43:05.065] [INFO] livreor - ::1 - - [18/Mar/2017:13:43:05 +0000] "GET /assets/bootstrap3/css/bootstrap.min.css HTTP/1.1" 304 - "http://localhost:8069/" "Mozilla/5.0 (Macintosh; Intel Mac OS X 10_12_3) AppleWebKit/537.36 (KHTML, like Gecko) Chrome/56.0.2924.87 Safari/537.36"

[2017-03-18 14:45:14.792] [INFO] livreor - ::1 - - [18/Mar/2017:13:45:14 +0000] "POST / HTTP/1.1" 302 46 "http://localhost:8069/" "Mozilla/5.0 (Macintosh; Intel Mac OS X 10_12_3) AppleWebKit/537.36 (KHTML, like Gecko) Chrome/56.0.2924.87 Safari/537.36"

[2017-03-18 14:45:14.798] [INFO] livreor - ::1 - - [18/Mar/2017:13:45:14 +0000] "GET / HTTP/1.1" 200 3591 "http://localhost:8069/" "Mozilla/5.0 (Macintosh; Intel Mac OS X 10_12_3) AppleWebKit/537.36 (KHTML, like Gecko) Chrome/56.0.2924.87 Safari/537.36"

[2017-03-18 14:45:14.810] [INFO] livreor - ::1 - - [18/Mar/2017:13:45:14 +0000] "GET /assets/bootstrap3/css/bootstrap.min.css HTTP/1.1" 304 - "http://localhost:8069/" "Mozilla/5.0 (Macintosh; Intel Mac OS X 10_12_3) AppleWebKit/537.36 (KHTML, like Gecko) Chrome/56.0.2924.87 Safari/537.36"

[2017-03-18 14:46:08.901] [INFO] livreor - ::1 - - [18/Mar/2017:13:46:08 +0000] "GET / HTTP/1.1" 200 3489 "http://localhost:8069/" "Mozilla/5.0 (Macintosh; Intel Mac OS X 10_12_3) AppleWebKit/537.36 (KHTML, like Gecko) Chrome/56.0.2924.87 Safari/537.36"

[2017-03-18 14:46:08.909] [INFO] livreor - ::1 - - [18/Mar/2017:13:46:08 +0000] "GET /assets/bootstrap3/css/bootstrap.min.css HTTP/1.1" 304 - "http://localhost:8069/" "Mozilla/5.0 (Macintosh; Intel Mac OS X 10_12_3) AppleWebKit/537.36 (KHTML, like Gecko) Chrome/56.0.2924.87 Safari/537.36"

[2017-03-18 14:46:10.700] [INFO] livreor - ::1 - - [18/Mar/2017:13:46:10 +0000] "POST / HTTP/1.1" 302 46 "http://localhost:8069/" "Mozilla/5.0 (Macintosh; Intel Mac OS X 10_12_3) AppleWebKit/537.36 (KHTML, like Gecko) Chrome/56.0.2924.87 Safari/537.36"

[2017-03-18 14:46:10.705] [INFO] livreor - ::1 - - [18/Mar/2017:13:46:10 +0000] "GET / HTTP/1.1" 200 3593 "http://localhost:8069/" "Mozilla/5.0 (Macintosh; Intel Mac OS X 10_12_3) AppleWebKit/537.36 (KHTML, like Gecko) Chrome/56.0.2924.87 Safari/537.36"

[2017-03-18 14:46:10.715] [INFO] livreor - ::1 - - [18/Mar/2017:13:46:10 +0000] "GET /assets/bootstrap3/css/bootstrap.min.css HTTP/1.1" 304 - "http://localhost:8069/" "Mozilla/5.0 (Macintosh; Intel Mac OS X 10_12_3) AppleWebKit/537.36 (KHTML, like Gecko) Chrome/56.0.2924.87 Safari/537.36"

[2017-03-18 14:49:23.104] [INFO] livreor - ::1 - - [18/Mar/2017:13:49:23 +0000] "GET / HTTP/1.1" 200 3449 "http://localhost:8069/" "Mozilla/5.0 (Macintosh; Intel Mac OS X 10_12_3) AppleWebKit/537.36 (KHTML, like Gecko) Chrome/56.0.2924.87 Safari/537.36"

[2017-03-18 14:49:23.111] [INFO] livreor - ::1 - - [18/Mar/2017:13:49:23 +0000] "GET /assets/bootstrap3/css/bootstrap.min.css HTTP/1.1" 304 - "http://localhost:8069/" "Mozilla/5.0 (Macintosh; Intel Mac OS X 10_12_3) AppleWebKit/537.36 (KHTML, like Gecko) Chrome/56.0.2924.87 Safari/537.36"

[2017-03-18 14:49:24.419] [INFO] livreor - ::1 - - [18/Mar/2017:13:49:24 +0000] "POST / HTTP/1.1" 302 46 "http://localhost:8069/" "Mozilla/5.0 (Macintosh; Intel Mac OS X 10_12_3) AppleWebKit/537.36 (KHTML, like Gecko) Chrome/56.0.2924.87 Safari/537.36"

[2017-03-18 14:49:24.424] [INFO] livreor - ::1 - - [18/Mar/2017:13:49:24 +0000] "GET / HTTP/1.1" 200 3565 "http://localhost:8069/" "Mozilla/5.0 (Macintosh; Intel Mac OS X 10_12_3) AppleWebKit/537.36 (KHTML, like Gecko) Chrome/56.0.2924.87 Safari/537.36"

[2017-03-18 14:49:24.433] [INFO] livreor - ::1 - - [18/Mar/2017:13:49:24 +0000] "GET /assets/bootstrap3/css/bootstrap.min.css HTTP/1.1" 304 - "http://localhost:8069/" "Mozilla/5.0 (Macintosh; Intel Mac OS X 10_12_3) AppleWebKit/537.36 (KHTML, like Gecko) Chrome/56.0.2924.87 Safari/537.36"

[2017-03-18 14:49:26.392] [INFO] livreor - ::1 - - [18/Mar/2017:13:49:26 +0000] "POST / HTTP/1.1" 302 46 "http://localhost:8069/" "Mozilla/5.0 (Macintosh; Intel Mac OS X 10_12_3) AppleWebKit/537.36 (KHTML, like Gecko) Chrome/56.0.2924.87 Safari/537.36"

[2017-03-18 14:49:26.399] [INFO] livreor - ::1 - - [18/Mar/2017:13:49:26 +0000] "GET / HTTP/1.1" 200 3565 "http://localhost:8069/" "Mozilla/5.0 (Macintosh; Intel Mac OS X 10_12_3) AppleWebKit/537.36 (KHTML, like Gecko) Chrome/56.0.2924.87 Safari/537.36"

[2017-03-18 14:49:26.407] [INFO] livreor - ::1 - - [18/Mar/2017:13:49:26 +0000] "GET /assets/bootstrap3/css/bootstrap.min.css HTTP/1.1" 304 - "http://localhost:8069/" "Mozilla/5.0 (Macintosh; Intel Mac OS X 10_12_3) AppleWebKit/537.36 (KHTML, like Gecko) Chrome/56.0.2924.87 Safari/537.36"

[2017-03-18 14:49:27.518] [INFO] livreor - ::1 - - [18/Mar/2017:13:49:27 +0000] "POST / HTTP/1.1" 302 46 "http://localhost:8069/" "Mozilla/5.0 (Macintosh; Intel Mac OS X 10_12_3) AppleWebKit/537.36 (KHTML, like Gecko) Chrome/56.0.2924.87 Safari/537.36"

[2017-03-18 14:49:27.526] [INFO] livreor - ::1 - - [18/Mar/2017:13:49:27 +0000] "GET / HTTP/1.1" 200 3565 "http://localhost:8069/" "Mozilla/5.0 (Macintosh; Intel Mac OS X 10_12_3) AppleWebKit/537.36 (KHTML, like Gecko) Chrome/56.0.2924.87 Safari/537.36"

[2017-03-18 14:49:27.534] [INFO] livreor - ::1 - - [18/Mar/2017:13:49:27 +0000] "GET /assets/bootstrap3/css/bootstrap.min.css HTTP/1.1" 304 - "http://localhost:8069/" "Mozilla/5.0 (Macintosh; Intel Mac OS X 10_12_3) AppleWebKit/537.36 (KHTML, like Gecko) Chrome/56.0.2924.87 Safari/537.36"

[2017-03-18 14:49:28.325] [INFO] livreor - ::1 - - [18/Mar/2017:13:49:28 +0000] "POST / HTTP/1.1" 302 46 "http://localhost:8069/" "Mozilla/5.0 (Macintosh; Intel Mac OS X 10_12_3) AppleWebKit/537.36 (KHTML, like Gecko) Chrome/56.0.2924.87 Safari/537.36"

[2017-03-18 14:49:28.330] [INFO] livreor - ::1 - - [18/Mar/2017:13:49:28 +0000] "GET / HTTP/1.1" 200 3565 "http://localhost:8069/" "Mozilla/5.0 (Macintosh; Intel Mac OS X 10_12_3) AppleWebKit/537.36 (KHTML, like Gecko) Chrome/56.0.2924.87 Safari/537.36"

[2017-03-18 14:49:28.339] [INFO] livreor - ::1 - - [18/Mar/2017:13:49:28 +0000] "GET /assets/bootstrap3/css/bootstrap.min.css HTTP/1.1" 304 - "http://localhost:8069/" "Mozilla/5.0 (Macintosh; Intel Mac OS X 10_12_3) AppleWebKit/537.36 (KHTML, like Gecko) Chrome/56.0.2924.87 Safari/537.36"

[2017-03-18 14:49:33.145] [INFO] livreor - ::1 - - [18/Mar/2017:13:49:33 +0000] "POST / HTTP/1.1" 302 46 "http://localhost:8069/" "Mozilla/5.0 (Macintosh; Intel Mac OS X 10_12_3) AppleWebKit/537.36 (KHTML, like Gecko) Chrome/56.0.2924.87 Safari/537.36"

[2017-03-18 14:49:33.157] [INFO] livreor - ::1 - - [18/Mar/2017:13:49:33 +0000] "GET / HTTP/1.1" 200 3902 "http://localhost:8069/" "Mozilla/5.0 (Macintosh; Intel Mac OS X 10_12_3) AppleWebKit/537.36 (KHTML, like Gecko) Chrome/56.0.2924.87 Safari/537.36"

[2017-03-18 14:49:33.164] [INFO] livreor - ::1 - - [18/Mar/2017:13:49:33 +0000] "GET /assets/bootstrap3/css/bootstrap.min.css HTTP/1.1" 304 - "http://localhost:8069/" "Mozilla/5.0 (Macintosh; Intel Mac OS X 10_12_3) AppleWebKit/537.36 (KHTML, like Gecko) Chrome/56.0.2924.87 Safari/537.36"

[2017-03-18 14:49:35.320] [INFO] livreor - ::1 - - [18/Mar/2017:13:49:35 +0000] "GET / HTTP/1.1" 200 3815 "http://localhost:8069/" "Mozilla/5.0 (Macintosh; Intel Mac OS X 10_12_3) AppleWebKit/537.36 (KHTML, like Gecko) Chrome/56.0.2924.87 Safari/537.36"

[2017-03-18 14:49:35.329] [INFO] livreor - ::1 - - [18/Mar/2017:13:49:35 +0000] "GET /assets/bootstrap3/css/bootstrap.min.css HTTP/1.1" 304 - "http://localhost:8069/" "Mozilla/5.0 (Macintosh; Intel Mac OS X 10_12_3) AppleWebKit/537.36 (KHTML, like Gecko) Chrome/56.0.2924.87 Safari/537.36"

[2017-03-18 14:49:37.321] [INFO] livreor - ::1 - - [18/Mar/2017:13:49:37 +0000] "GET / HTTP/1.1" 304 - "http://localhost:8069/" "Mozilla/5.0 (Macintosh; Intel Mac OS X 10_12_3) AppleWebKit/537.36 (KHTML, like Gecko) Chrome/56.0.2924.87 Safari/537.36"

[2017-03-18 14:49:37.330] [INFO] livreor - ::1 - - [18/Mar/2017:13:49:37 +0000] "GET /assets/bootstrap3/css/bootstrap.min.css HTTP/1.1" 304 - "http://localhost:8069/" "Mozilla/5.0 (Macintosh; Intel Mac OS X 10_12_3) AppleWebKit/537.36 (KHTML, like Gecko) Chrome/56.0.2924.87 Safari/537.36"

[2017-03-18 14:49:38.830] [INFO] livreor - ::1 - - [18/Mar/2017:13:49:38 +0000] "POST / HTTP/1.1" 302 46 "http://localhost:8069/" "Mozilla/5.0 (Macintosh; Intel Mac OS X 10_12_3) AppleWebKit/537.36 (KHTML, like Gecko) Chrome/56.0.2924.87 Safari/537.36"

[2017-03-18 14:49:38.842] [INFO] livreor - ::1 - - [18/Mar/2017:13:49:38 +0000] "GET / HTTP/1.1" 200 3931 "http://localhost:8069/" "Mozilla/5.0 (Macintosh; Intel Mac OS X 10_12_3) AppleWebKit/537.36 (KHTML, like Gecko) Chrome/56.0.2924.87 Safari/537.36"

[2017-03-18 14:49:38.852] [INFO] livreor - ::1 - - [18/Mar/2017:13:49:38 +0000] "GET /assets/bootstrap3/css/bootstrap.min.css HTTP/1.1" 304 - "http://localhost:8069/" "Mozilla/5.0 (Macintosh; Intel Mac OS X 10_12_3) AppleWebKit/537.36 (KHTML, like Gecko) Chrome/56.0.2924.87 Safari/537.36"

[2017-03-18 14:49:39.683] [INFO] livreor - ::1 - - [18/Mar/2017:13:49:39 +0000] "GET / HTTP/1.1" 200 3815 "http://localhost:8069/" "Mozilla/5.0 (Macintosh; Intel Mac OS X 10_12_3) AppleWebKit/537.36 (KHTML, like Gecko) Chrome/56.0.2924.87 Safari/537.36"

[2017-03-18 14:49:39.691] [INFO] livreor - ::1 - - [18/Mar/2017:13:49:39 +0000] "GET /assets/bootstrap3/css/bootstrap.min.css HTTP/1.1" 304 - "http://localhost:8069/" "Mozilla/5.0 (Macintosh; Intel Mac OS X 10_12_3) AppleWebKit/537.36 (KHTML, like Gecko) Chrome/56.0.2924.87 Safari/537.36"

[2017-03-18 14:49:42.722] [INFO] livreor - ::1 - - [18/Mar/2017:13:49:42 +0000] "POST / HTTP/1.1" 302 46 "http://localhost:8069/" "Mozilla/5.0 (Macintosh; Intel Mac OS X 10_12_3) AppleWebKit/537.36 (KHTML, like Gecko) Chrome/56.0.2924.87 Safari/537.36"

[2017-03-18 14:49:42.727] [INFO] livreor - ::1 - - [18/Mar/2017:13:49:42 +0000] "GET / HTTP/1.1" 200 3931 "http://localhost:8069/" "Mozilla/5.0 (Macintosh; Intel Mac OS X 10_12_3) AppleWebKit/537.36 (KHTML, like Gecko) Chrome/56.0.2924.87 Safari/537.36"

[2017-03-18 14:49:42.736] [INFO] livreor - ::1 - - [18/Mar/2017:13:49:42 +0000] "GET /assets/bootstrap3/css/bootstrap.min.css HTTP/1.1" 304 - "http://localhost:8069/" "Mozilla/5.0 (Macintosh; Intel Mac OS X 10_12_3) AppleWebKit/537.36 (KHTML, like Gecko) Chrome/56.0.2924.87 Safari/537.36"

[2017-03-18 14:50:50.217] [INFO] livreor - ::1 - - [18/Mar/2017:13:50:50 +0000] "GET / HTTP/1.1" 200 3848 "http://localhost:8069/" "Mozilla/5.0 (Macintosh; Intel Mac OS X 10_12_3) AppleWebKit/537.36 (KHTML, like Gecko) Chrome/56.0.2924.87 Safari/537.36"

[2017-03-18 14:50:50.228] [INFO] livreor - ::1 - - [18/Mar/2017:13:50:50 +0000] "GET /assets/bootstrap3/css/bootstrap.min.css HTTP/1.1" 304 - "http://localhost:8069/" "Mozilla/5.0 (Macintosh; Intel Mac OS X 10_12_3) AppleWebKit/537.36 (KHTML, like Gecko) Chrome/56.0.2924.87 Safari/537.36"

[2017-03-18 14:50:52.668] [INFO] livreor - ::1 - - [18/Mar/2017:13:50:52 +0000] "GET / HTTP/1.1" 304 - "http://localhost:8069/" "Mozilla/5.0 (Macintosh; Intel Mac OS X 10_12_3) AppleWebKit/537.36 (KHTML, like Gecko) Chrome/56.0.2924.87 Safari/537.36"

[2017-03-18 14:50:52.677] [INFO] livreor - ::1 - - [18/Mar/2017:13:50:52 +0000] "GET /assets/bootstrap3/css/bootstrap.min.css HTTP/1.1" 304 - "http://localhost:8069/" "Mozilla/5.0 (Macintosh; Intel Mac OS X 10_12_3) AppleWebKit/537.36 (KHTML, like Gecko) Chrome/56.0.2924.87 Safari/537.36"

[2017-03-18 14:53:10.429] [INFO] livreor - ::1 - - [18/Mar/2017:13:53:10 +0000] "GET / HTTP/1.1" 200 3916 "http://localhost:8069/" "Mozilla/5.0 (Macintosh; Intel Mac OS X 10_12_3) AppleWebKit/537.36 (KHTML, like Gecko) Chrome/56.0.2924.87 Safari/537.36"

[2017-03-18 14:53:10.437] [INFO] livreor - ::1 - - [18/Mar/2017:13:53:10 +0000] "GET /assets/bootstrap3/css/bootstrap.min.css HTTP/1.1" 304 - "http://localhost:8069/" "Mozilla/5.0 (Macintosh; Intel Mac OS X 10_12_3) AppleWebKit/537.36 (KHTML, like Gecko) Chrome/56.0.2924.87 Safari/537.36"

[2017-03-18 14:53:53.721] [INFO] livreor - ::1 - - [18/Mar/2017:13:53:53 +0000] "GET / HTTP/1.1" 200 3946 "http://localhost:8069/" "Mozilla/5.0 (Macintosh; Intel Mac OS X 10_12_3) AppleWebKit/537.36 (KHTML, like Gecko) Chrome/56.0.2924.87 Safari/537.36"

[2017-03-18 14:53:53.730] [INFO] livreor - ::1 - - [18/Mar/2017:13:53:53 +0000] "GET /assets/bootstrap3/css/bootstrap.min.css HTTP/1.1" 304 - "http://localhost:8069/" "Mozilla/5.0 (Macintosh; Intel Mac OS X 10_12_3) AppleWebKit/537.36 (KHTML, like Gecko) Chrome/56.0.2924.87 Safari/537.36"

[2017-03-18 14:55:12.819] [INFO] livreor - ::1 - - [18/Mar/2017:13:55:12 +0000] "POST / HTTP/1.1" 302 46 "http://localhost:8069/" "Mozilla/5.0 (Macintosh; Intel Mac OS X 10_12_3) AppleWebKit/537.36 (KHTML, like Gecko) Chrome/56.0.2924.87 Safari/537.36"

[2017-03-18 14:55:12.823] [INFO] livreor - ::1 - - [18/Mar/2017:13:55:12 +0000] "GET / HTTP/1.1" 200 4062 "http://localhost:8069/" "Mozilla/5.0 (Macintosh; Intel Mac OS X 10_12_3) AppleWebKit/537.36 (KHTML, like Gecko) Chrome/56.0.2924.87 Safari/537.36"

[2017-03-18 14:55:12.835] [INFO] livreor - ::1 - - [18/Mar/2017:13:55:12 +0000] "GET /assets/bootstrap3/css/bootstrap.min.css HTTP/1.1" 304 - "http://localhost:8069/" "Mozilla/5.0 (Macintosh; Intel Mac OS X 10_12_3) AppleWebKit/537.36 (KHTML, like Gecko) Chrome/56.0.2924.87 Safari/537.36"

[2017-03-18 14:55:16.848] [INFO] livreor - ::1 - - [18/Mar/2017:13:55:16 +0000] "GET / HTTP/1.1" 200 3946 "http://localhost:8069/" "Mozilla/5.0 (Macintosh; Intel Mac OS X 10_12_3) AppleWebKit/537.36 (KHTML, like Gecko) Chrome/56.0.2924.87 Safari/537.36"

[2017-03-18 14:55:16.860] [INFO] livreor - ::1 - - [18/Mar/2017:13:55:16 +0000] "GET /assets/bootstrap3/css/bootstrap.min.css HTTP/1.1" 304 - "http://localhost:8069/" "Mozilla/5.0 (Macintosh; Intel Mac OS X 10_12_3) AppleWebKit/537.36 (KHTML, like Gecko) Chrome/56.0.2924.87 Safari/537.36"

[2017-03-18 14:56:36.668] [INFO] livreor - ::1 - - [18/Mar/2017:13:56:36 +0000] "GET / HTTP/1.1" 200 4016 "http://localhost:8069/" "Mozilla/5.0 (Macintosh; Intel Mac OS X 10_12_3) AppleWebKit/537.36 (KHTML, like Gecko) Chrome/56.0.2924.87 Safari/537.36"

[2017-03-18 14:56:36.675] [INFO] livreor - ::1 - - [18/Mar/2017:13:56:36 +0000] "GET /assets/bootstrap3/css/bootstrap.min.css HTTP/1.1" 304 - "http://localhost:8069/" "Mozilla/5.0 (Macintosh; Intel Mac OS X 10_12_3) AppleWebKit/537.36 (KHTML, like Gecko) Chrome/56.0.2924.87 Safari/537.36"

[2017-03-18 14:56:59.009] [INFO] livreor - ::1 - - [18/Mar/2017:13:56:59 +0000] "GET / HTTP/1.1" 200 4019 "http://localhost:8069/" "Mozilla/5.0 (Macintosh; Intel Mac OS X 10_12_3) AppleWebKit/537.36 (KHTML, like Gecko) Chrome/56.0.2924.87 Safari/537.36"

[2017-03-18 14:56:59.017] [INFO] livreor - ::1 - - [18/Mar/2017:13:56:59 +0000] "GET /assets/bootstrap3/css/bootstrap.min.css HTTP/1.1" 304 - "http://localhost:8069/" "Mozilla/5.0 (Macintosh; Intel Mac OS X 10_12_3) AppleWebKit/537.36 (KHTML, like Gecko) Chrome/56.0.2924.87 Safari/537.36"

[2017-03-18 14:57:06.618] [INFO] livreor - ::1 - - [18/Mar/2017:13:57:06 +0000] "POST / HTTP/1.1" 302 46 "http://localhost:8069/" "Mozilla/5.0 (Macintosh; Intel Mac OS X 10_12_3) AppleWebKit/537.36 (KHTML, like Gecko) Chrome/56.0.2924.87 Safari/537.36"

[2017-03-18 14:57:06.627] [INFO] livreor - ::1 - - [18/Mar/2017:13:57:06 +0000] "GET / HTTP/1.1" 200 4135 "http://localhost:8069/" "Mozilla/5.0 (Macintosh; Intel Mac OS X 10_12_3) AppleWebKit/537.36 (KHTML, like Gecko) Chrome/56.0.2924.87 Safari/537.36"

[2017-03-18 14:57:06.640] [INFO] livreor - ::1 - - [18/Mar/2017:13:57:06 +0000] "GET /assets/bootstrap3/css/bootstrap.min.css HTTP/1.1" 304 - "http://localhost:8069/" "Mozilla/5.0 (Macintosh; Intel Mac OS X 10_12_3) AppleWebKit/537.36 (KHTML, like Gecko) Chrome/56.0.2924.87 Safari/537.36"

[2017-03-18 14:57:10.426] [INFO] livreor - ::1 - - [18/Mar/2017:13:57:10 +0000] "POST / HTTP/1.1" 302 46 "http://localhost:8069/" "Mozilla/5.0 (Macintosh; Intel Mac OS X 10_12_3) AppleWebKit/537.36 (KHTML, like Gecko) Chrome/56.0.2924.87 Safari/537.36"

[2017-03-18 14:57:10.431] [INFO] livreor - ::1 - - [18/Mar/2017:13:57:10 +0000] "GET / HTTP/1.1" 200 4472 "http://localhost:8069/" "Mozilla/5.0 (Macintosh; Intel Mac OS X 10_12_3) AppleWebKit/537.36 (KHTML, like Gecko) Chrome/56.0.2924.87 Safari/537.36"

[2017-03-18 14:57:10.438] [INFO] livreor - ::1 - - [18/Mar/2017:13:57:10 +0000] "GET /assets/bootstrap3/css/bootstrap.min.css HTTP/1.1" 304 - "http://localhost:8069/" "Mozilla/5.0 (Macintosh; Intel Mac OS X 10_12_3) AppleWebKit/537.36 (KHTML, like Gecko) Chrome/56.0.2924.87 Safari/537.36"

[2017-03-18 14:57:38.147] [INFO] livreor - ::1 - - [18/Mar/2017:13:57:38 +0000] "GET / HTTP/1.1" 200 4384 "http://localhost:8069/" "Mozilla/5.0 (Macintosh; Intel Mac OS X 10_12_3) AppleWebKit/537.36 (KHTML, like Gecko) Chrome/56.0.2924.87 Safari/537.36"

[2017-03-18 14:57:38.156] [INFO] livreor - ::1 - - [18/Mar/2017:13:57:38 +0000] "GET /assets/bootstrap3/css/bootstrap.min.css HTTP/1.1" 304 - "http://localhost:8069/" "Mozilla/5.0 (Macintosh; Intel Mac OS X 10_12_3) AppleWebKit/537.36 (KHTML, like Gecko) Chrome/56.0.2924.87 Safari/537.36"

[2017-03-18 14:59:21.230] [INFO] livreor - ::1 - - [18/Mar/2017:13:59:21 +0000] "GET / HTTP/1.1" 200 4381 "http://localhost:8069/" "Mozilla/5.0 (Macintosh; Intel Mac OS X 10_12_3) AppleWebKit/537.36 (KHTML, like Gecko) Chrome/56.0.2924.87 Safari/537.36"

[2017-03-18 14:59:21.240] [INFO] livreor - ::1 - - [18/Mar/2017:13:59:21 +0000] "GET /assets/bootstrap3/css/bootstrap.min.css HTTP/1.1" 304 - "http://localhost:8069/" "Mozilla/5.0 (Macintosh; Intel Mac OS X 10_12_3) AppleWebKit/537.36 (KHTML, like Gecko) Chrome/56.0.2924.87 Safari/537.36"

[2017-03-18 15:01:28.122] [INFO] livreor - ::1 - - [18/Mar/2017:14:01:28 +0000] "GET / HTTP/1.1" 200 4377 "http://localhost:8069/" "Mozilla/5.0 (Macintosh; Intel Mac OS X 10_12_3) AppleWebKit/537.36 (KHTML, like Gecko) Chrome/56.0.2924.87 Safari/537.36"

[2017-03-18 15:01:28.134] [INFO] livreor - ::1 - - [18/Mar/2017:14:01:28 +0000] "GET /assets/bootstrap3/css/bootstrap.min.css HTTP/1.1" 304 - "http://localhost:8069/" "Mozilla/5.0 (Macintosh; Intel Mac OS X 10_12_3) AppleWebKit/537.36 (KHTML, like Gecko) Chrome/56.0.2924.87 Safari/537.36"

[2017-03-18 15:02:40.301] [INFO] livreor - ::1 - - [18/Mar/2017:14:02:40 +0000] "GET / HTTP/1.1" 200 4377 "http://localhost:8069/" "Mozilla/5.0 (Macintosh; Intel Mac OS X 10_12_3) AppleWebKit/537.36 (KHTML, like Gecko) Chrome/56.0.2924.87 Safari/537.36"

[2017-03-18 15:02:40.308] [INFO] livreor - ::1 - - [18/Mar/2017:14:02:40 +0000] "GET /assets/bootstrap3/css/bootstrap.min.css HTTP/1.1" 304 - "http://localhost:8069/" "Mozilla/5.0 (Macintosh; Intel Mac OS X 10_12_3) AppleWebKit/537.36 (KHTML, like Gecko) Chrome/56.0.2924.87 Safari/537.36"

[2017-03-18 15:05:01.594] [INFO] livreor - ::1 - - [18/Mar/2017:14:05:01 +0000] "GET / HTTP/1.1" 200 4377 "http://localhost:8069/" "Mozilla/5.0 (Macintosh; Intel Mac OS X 10_12_3) AppleWebKit/537.36 (KHTML, like Gecko) Chrome/56.0.2924.87 Safari/537.36"

[2017-03-18 15:05:01.606] [INFO] livreor - ::1 - - [18/Mar/2017:14:05:01 +0000] "GET /assets/bootstrap3/css/bootstrap.min.css HTTP/1.1" 304 - "http://localhost:8069/" "Mozilla/5.0 (Macintosh; Intel Mac OS X 10_12_3) AppleWebKit/537.36 (KHTML, like Gecko) Chrome/56.0.2924.87 Safari/537.36"

[2017-03-18 15:06:16.986] [INFO] livreor - ::ffff:127.0.0.1 - - [18/Mar/2017:14:06:16 +0000] "GET / HTTP/1.1" 200 4368 "http://localhost:8069/" "Mozilla/5.0 (Macintosh; Intel Mac OS X 10_12_3) AppleWebKit/537.36 (KHTML, like Gecko) Chrome/56.0.2924.87 Safari/537.36"

[2017-03-18 15:06:16.996] [INFO] livreor - ::ffff:127.0.0.1 - - [18/Mar/2017:14:06:16 +0000] "GET /assets/bootstrap3/css/bootstrap.min.css HTTP/1.1" 304 - "http://localhost:8069/" "Mozilla/5.0 (Macintosh; Intel Mac OS X 10_12_3) AppleWebKit/537.36 (KHTML, like Gecko) Chrome/56.0.2924.87 Safari/537.36"

[2017-03-18 15:07:34.674] [INFO] livreor - ::1 - - [18/Mar/2017:14:07:34 +0000] "GET / HTTP/1.1" 200 4369 "http://localhost:8069/" "Mozilla/5.0 (Macintosh; Intel Mac OS X 10_12_3) AppleWebKit/537.36 (KHTML, like Gecko) Chrome/56.0.2924.87 Safari/537.36"

[2017-03-18 15:07:34.687] [INFO] livreor - ::1 - - [18/Mar/2017:14:07:34 +0000] "GET /assets/bootstrap3/css/bootstrap.min.css HTTP/1.1" 304 - "http://localhost:8069/" "Mozilla/5.0 (Macintosh; Intel Mac OS X 10_12_3) AppleWebKit/537.36 (KHTML, like Gecko) Chrome/56.0.2924.87 Safari/537.36"

[2017-03-18 15:16:35.740] [INFO] livreor - ::ffff:127.0.0.1 - - [18/Mar/2017:14:16:35 +0000] "GET / HTTP/1.1" 200 4570 "http://localhost:8069/" "Mozilla/5.0 (Macintosh; Intel Mac OS X 10_12_3) AppleWebKit/537.36 (KHTML, like Gecko) Chrome/56.0.2924.87 Safari/537.36"

[2017-03-18 15:16:35.753] [INFO] livreor - ::ffff:127.0.0.1 - - [18/Mar/2017:14:16:35 +0000] "GET /assets/bootstrap3/css/bootstrap.min.css HTTP/1.1" 304 - "http://localhost:8069/" "Mozilla/5.0 (Macintosh; Intel Mac OS X 10_12_3) AppleWebKit/537.36 (KHTML, like Gecko) Chrome/56.0.2924.87 Safari/537.36"

[2017-03-18 15:17:45.720] [INFO] livreor - ::ffff:127.0.0.1 - - [18/Mar/2017:14:17:45 +0000] "GET / HTTP/1.1" 200 4075 "http://localhost:8069/" "Mozilla/5.0 (Macintosh; Intel Mac OS X 10_12_3) AppleWebKit/537.36 (KHTML, like Gecko) Chrome/56.0.2924.87 Safari/537.36"

[2017-03-18 15:17:45.729] [INFO] livreor - ::ffff:127.0.0.1 - - [18/Mar/2017:14:17:45 +0000] "GET /assets/bootstrap3/css/bootstrap.min.css HTTP/1.1" 304 - "http://localhost:8069/" "Mozilla/5.0 (Macintosh; Intel Mac OS X 10_12_3) AppleWebKit/537.36 (KHTML, like Gecko) Chrome/56.0.2924.87 Safari/537.36"

[2017-03-18 15:46:15.632] [INFO] livreor - ::ffff:127.0.0.1 - - [18/Mar/2017:14:46:15 +0000] "GET / HTTP/1.1" 200 3976 "-" "Mozilla/5.0 (Macintosh; Intel Mac OS X 10_12_3) AppleWebKit/537.36 (KHTML, like Gecko) Chrome/56.0.2924.87 Safari/537.36"

[2017-03-18 15:46:15.637] [INFO] livreor - ::ffff:127.0.0.1 - - [18/Mar/2017:14:46:15 +0000] "GET /assets/bootstrap3/css/bootstrap.min.css HTTP/1.1" 304 - "http://localhost:8069/" "Mozilla/5.0 (Macintosh; Intel Mac OS X 10_12_3) AppleWebKit/537.36 (KHTML, like Gecko) Chrome/56.0.2924.87 Safari/537.36"

[2017-03-18 15:50:30.971] [INFO] livreor - ::ffff:127.0.0.1 - - [18/Mar/2017:14:50:30 +0000] "GET / HTTP/1.1" 200 4836 "-" "Mozilla/5.0 (Macintosh; Intel Mac OS X 10_12_3) AppleWebKit/537.36 (KHTML, like Gecko) Chrome/56.0.2924.87 Safari/537.36"

[2017-03-18 15:50:30.982] [INFO] livreor - ::ffff:127.0.0.1 - - [18/Mar/2017:14:50:30 +0000] "GET /assets/bootstrap3/css/bootstrap.min.css HTTP/1.1" 304 - "http://localhost:8069/" "Mozilla/5.0 (Macintosh; Intel Mac OS X 10_12_3) AppleWebKit/537.36 (KHTML, like Gecko) Chrome/56.0.2924.87 Safari/537.36"

[2017-03-18 15:53:19.067] [INFO] livreor - ::ffff:127.0.0.1 - - [18/Mar/2017:14:53:19 +0000] "GET / HTTP/1.1" 200 5070 "-" "Mozilla/5.0 (Macintosh; Intel Mac OS X 10_12_3) AppleWebKit/537.36 (KHTML, like Gecko) Chrome/56.0.2924.87 Safari/537.36"

[2017-03-18 15:53:19.075] [INFO] livreor - ::ffff:127.0.0.1 - - [18/Mar/2017:14:53:19 +0000] "GET /assets/bootstrap3/css/bootstrap.min.css HTTP/1.1" 304 - "http://localhost:8069/" "Mozilla/5.0 (Macintosh; Intel Mac OS X 10_12_3) AppleWebKit/537.36 (KHTML, like Gecko) Chrome/56.0.2924.87 Safari/537.36"

[2017-03-18 15:58:20.410] [INFO] livreor - ::ffff:127.0.0.1 - - [18/Mar/2017:14:58:20 +0000] "GET / HTTP/1.1" 200 5014 "-" "Mozilla/5.0 (Macintosh; Intel Mac OS X 10_12_3) AppleWebKit/537.36 (KHTML, like Gecko) Chrome/56.0.2924.87 Safari/537.36"

[2017-03-18 15:58:20.417] [INFO] livreor - ::ffff:127.0.0.1 - - [18/Mar/2017:14:58:20 +0000] "GET /assets/bootstrap3/css/bootstrap.min.css HTTP/1.1" 304 - "http://localhost:8069/" "Mozilla/5.0 (Macintosh; Intel Mac OS X 10_12_3) AppleWebKit/537.36 (KHTML, like Gecko) Chrome/56.0.2924.87 Safari/537.36"

[2017-03-18 16:00:04.001] [INFO] livreor - ::ffff:127.0.0.1 - - [18/Mar/2017:15:00:04 +0000] "GET / HTTP/1.1" 200 5628 "-" "Mozilla/5.0 (Macintosh; Intel Mac OS X 10_12_3) AppleWebKit/537.36 (KHTML, like Gecko) Chrome/56.0.2924.87 Safari/537.36"

[2017-03-18 16:00:04.011] [INFO] livreor - ::ffff:127.0.0.1 - - [18/Mar/2017:15:00:04 +0000] "GET /assets/bootstrap3/css/bootstrap.min.css HTTP/1.1" 304 - "http://localhost:8069/" "Mozilla/5.0 (Macintosh; Intel Mac OS X 10_12_3) AppleWebKit/537.36 (KHTML, like Gecko) Chrome/56.0.2924.87 Safari/537.36"

[2017-03-18 16:02:03.882] [INFO] livreor - ::ffff:127.0.0.1 - - [18/Mar/2017:15:02:03 +0000] "GET / HTTP/1.1" 200 5835 "http://localhost:8069/" "Mozilla/5.0 (Macintosh; Intel Mac OS X 10_12_3) AppleWebKit/537.36 (KHTML, like Gecko) Chrome/56.0.2924.87 Safari/537.36"

[2017-03-18 16:02:03.898] [INFO] livreor - ::ffff:127.0.0.1 - - [18/Mar/2017:15:02:03 +0000] "GET /assets/bootstrap3/css/bootstrap.min.css HTTP/1.1" 304 - "http://localhost:8069/" "Mozilla/5.0 (Macintosh; Intel Mac OS X 10_12_3) AppleWebKit/537.36 (KHTML, like Gecko) Chrome/56.0.2924.87 Safari/537.36"

[2017-03-18 16:02:53.698] [INFO] livreor - ::ffff:127.0.0.1 - - [18/Mar/2017:15:02:53 +0000] "GET / HTTP/1.1" 200 5999 "-" "Mozilla/5.0 (Macintosh; Intel Mac OS X 10_12_3) AppleWebKit/537.36 (KHTML, like Gecko) Chrome/56.0.2924.87 Safari/537.36"

[2017-03-18 16:02:53.706] [INFO] livreor - ::ffff:127.0.0.1 - - [18/Mar/2017:15:02:53 +0000] "GET /assets/bootstrap3/css/bootstrap.min.css HTTP/1.1" 304 - "http://localhost:8069/" "Mozilla/5.0 (Macintosh; Intel Mac OS X 10_12_3) AppleWebKit/537.36 (KHTML, like Gecko) Chrome/56.0.2924.87 Safari/537.36"

[2017-03-18 16:04:55.734] [INFO] livreor - ::ffff:127.0.0.1 - - [18/Mar/2017:15:04:55 +0000] "GET / HTTP/1.1" 200 6332 "-" "Mozilla/5.0 (Macintosh; Intel Mac OS X 10_12_3) AppleWebKit/537.36 (KHTML, like Gecko) Chrome/56.0.2924.87 Safari/537.36"

[2017-03-18 16:04:55.745] [INFO] livreor - ::ffff:127.0.0.1 - - [18/Mar/2017:15:04:55 +0000] "GET /assets/bootstrap3/css/bootstrap.min.css HTTP/1.1" 304 - "http://localhost:8069/" "Mozilla/5.0 (Macintosh; Intel Mac OS X 10_12_3) AppleWebKit/537.36 (KHTML, like Gecko) Chrome/56.0.2924.87 Safari/537.36"

[2017-03-18 16:05:01.593] [INFO] livreor - ::ffff:127.0.0.1 - - [18/Mar/2017:15:05:01 +0000] "GET /message/3 HTTP/1.1" 200 951 "http://localhost:8069/" "Mozilla/5.0 (Macintosh; Intel Mac OS X 10_12_3) AppleWebKit/537.36 (KHTML, like Gecko) Chrome/56.0.2924.87 Safari/537.36"

[2017-03-18 16:05:01.602] [INFO] livreor - ::ffff:127.0.0.1 - - [18/Mar/2017:15:05:01 +0000] "GET /assets/bootstrap3/css/bootstrap.min.css HTTP/1.1" 304 - "http://localhost:8069/message/3" "Mozilla/5.0 (Macintosh; Intel Mac OS X 10_12_3) AppleWebKit/537.36 (KHTML, like Gecko) Chrome/56.0.2924.87 Safari/537.36"

[2017-03-18 16:05:36.593] [INFO] livreor - ::ffff:127.0.0.1 - - [18/Mar/2017:15:05:36 +0000] "GET / HTTP/1.1" 200 6215 "-" "Mozilla/5.0 (Macintosh; Intel Mac OS X 10_12_3) AppleWebKit/537.36 (KHTML, like Gecko) Chrome/56.0.2924.87 Safari/537.36"

[2017-03-18 16:05:36.601] [INFO] livreor - ::ffff:127.0.0.1 - - [18/Mar/2017:15:05:36 +0000] "GET /assets/bootstrap3/css/bootstrap.min.css HTTP/1.1" 304 - "http://localhost:8069/" "Mozilla/5.0 (Macintosh; Intel Mac OS X 10_12_3) AppleWebKit/537.36 (KHTML, like Gecko) Chrome/56.0.2924.87 Safari/537.36"

[2017-03-18 16:09:19.388] [INFO] livreor - ::ffff:127.0.0.1 - - [18/Mar/2017:15:09:19 +0000] "GET / HTTP/1.1" 200 6051 "-" "Mozilla/5.0 (Macintosh; Intel Mac OS X 10_12_3) AppleWebKit/537.36 (KHTML, like Gecko) Chrome/56.0.2924.87 Safari/537.36"

[2017-03-18 16:09:19.399] [INFO] livreor - ::ffff:127.0.0.1 - - [18/Mar/2017:15:09:19 +0000] "GET /assets/bootstrap3/css/bootstrap.min.css HTTP/1.1" 304 - "http://localhost:8069/" "Mozilla/5.0 (Macintosh; Intel Mac OS X 10_12_3) AppleWebKit/537.36 (KHTML, like Gecko) Chrome/56.0.2924.87 Safari/537.36"

[2017-03-18 16:10:14.594] [INFO] livreor - ::ffff:127.0.0.1 - - [18/Mar/2017:15:10:14 +0000] "GET / HTTP/1.1" 200 6195 "-" "Mozilla/5.0 (Macintosh; Intel Mac OS X 10_12_3) AppleWebKit/537.36 (KHTML, like Gecko) Chrome/56.0.2924.87 Safari/537.36"

[2017-03-18 16:10:14.602] [INFO] livreor - ::ffff:127.0.0.1 - - [18/Mar/2017:15:10:14 +0000] "GET /assets/bootstrap3/css/bootstrap.min.css HTTP/1.1" 304 - "http://localhost:8069/" "Mozilla/5.0 (Macintosh; Intel Mac OS X 10_12_3) AppleWebKit/537.36 (KHTML, like Gecko) Chrome/56.0.2924.87 Safari/537.36"

[2017-03-18 16:11:04.855] [INFO] livreor - ::ffff:127.0.0.1 - - [18/Mar/2017:15:11:04 +0000] "GET / HTTP/1.1" 200 6203 "-" "Mozilla/5.0 (Macintosh; Intel Mac OS X 10_12_3) AppleWebKit/537.36 (KHTML, like Gecko) Chrome/56.0.2924.87 Safari/537.36"

[2017-03-18 16:11:04.863] [INFO] livreor - ::ffff:127.0.0.1 - - [18/Mar/2017:15:11:04 +0000] "GET /assets/bootstrap3/css/bootstrap.min.css HTTP/1.1" 304 - "http://localhost:8069/" "Mozilla/5.0 (Macintosh; Intel Mac OS X 10_12_3) AppleWebKit/537.36 (KHTML, like Gecko) Chrome/56.0.2924.87 Safari/537.36"

[2017-03-18 16:11:13.008] [INFO] livreor - ::ffff:127.0.0.1 - - [18/Mar/2017:15:11:13 +0000] "POST / HTTP/1.1" 302 46 "http://localhost:8069/" "Mozilla/5.0 (Macintosh; Intel Mac OS X 10_12_3) AppleWebKit/537.36 (KHTML, like Gecko) Chrome/56.0.2924.87 Safari/537.36"

[2017-03-18 16:11:13.013] [INFO] livreor - ::ffff:127.0.0.1 - - [18/Mar/2017:15:11:13 +0000] "GET / HTTP/1.1" 200 6838 "http://localhost:8069/" "Mozilla/5.0 (Macintosh; Intel Mac OS X 10_12_3) AppleWebKit/537.36 (KHTML, like Gecko) Chrome/56.0.2924.87 Safari/537.36"

[2017-03-18 16:11:13.022] [INFO] livreor - ::ffff:127.0.0.1 - - [18/Mar/2017:15:11:13 +0000] "GET /assets/bootstrap3/css/bootstrap.min.css HTTP/1.1" 304 - "http://localhost:8069/" "Mozilla/5.0 (Macintosh; Intel Mac OS X 10_12_3) AppleWebKit/537.36 (KHTML, like Gecko) Chrome/56.0.2924.87 Safari/537.36"

[2017-03-18 16:11:27.734] [INFO] livreor - ::ffff:127.0.0.1 - - [18/Mar/2017:15:11:27 +0000] "GET /message/3 HTTP/1.1" 304 - "http://localhost:8069/" "Mozilla/5.0 (Macintosh; Intel Mac OS X 10_12_3) AppleWebKit/537.36 (KHTML, like Gecko) Chrome/56.0.2924.87 Safari/537.36"

[2017-03-18 16:11:27.750] [INFO] livreor - ::ffff:127.0.0.1 - - [18/Mar/2017:15:11:27 +0000] "GET /assets/bootstrap3/css/bootstrap.min.css HTTP/1.1" 304 - "http://localhost:8069/message/3" "Mozilla/5.0 (Macintosh; Intel Mac OS X 10_12_3) AppleWebKit/537.36 (KHTML, like Gecko) Chrome/56.0.2924.87 Safari/537.36"

[2017-03-18 16:12:30.152] [INFO] livreor - ::ffff:127.0.0.1 - - [18/Mar/2017:15:12:30 +0000] "GET /message/3 HTTP/1.1" 200 974 "http://localhost:8069/" "Mozilla/5.0 (Macintosh; Intel Mac OS X 10_12_3) AppleWebKit/537.36 (KHTML, like Gecko) Chrome/56.0.2924.87 Safari/537.36"

[2017-03-18 16:12:30.163] [INFO] livreor - ::ffff:127.0.0.1 - - [18/Mar/2017:15:12:30 +0000] "GET /assets/bootstrap3/css/bootstrap.min.css HTTP/1.1" 304 - "http://localhost:8069/message/3" "Mozilla/5.0 (Macintosh; Intel Mac OS X 10_12_3) AppleWebKit/537.36 (KHTML, like Gecko) Chrome/56.0.2924.87 Safari/537.36"

[2017-03-18 16:13:12.660] [INFO] livreor - ::ffff:127.0.0.1 - - [18/Mar/2017:15:13:12 +0000] "GET /message/3 HTTP/1.1" 200 977 "http://localhost:8069/" "Mozilla/5.0 (Macintosh; Intel Mac OS X 10_12_3) AppleWebKit/537.36 (KHTML, like Gecko) Chrome/56.0.2924.87 Safari/537.36"

[2017-03-18 16:13:12.668] [INFO] livreor - ::ffff:127.0.0.1 - - [18/Mar/2017:15:13:12 +0000] "GET /assets/bootstrap3/css/bootstrap.min.css HTTP/1.1" 304 - "http://localhost:8069/message/3" "Mozilla/5.0 (Macintosh; Intel Mac OS X 10_12_3) AppleWebKit/537.36 (KHTML, like Gecko) Chrome/56.0.2924.87 Safari/537.36"

[2017-03-18 16:14:23.991] [INFO] livreor - ::ffff:127.0.0.1 - - [18/Mar/2017:15:14:23 +0000] "GET /message/3 HTTP/1.1" 200 948 "http://localhost:8069/" "Mozilla/5.0 (Macintosh; Intel Mac OS X 10_12_3) AppleWebKit/537.36 (KHTML, like Gecko) Chrome/56.0.2924.87 Safari/537.36"

[2017-03-18 16:14:24.002] [INFO] livreor - ::ffff:127.0.0.1 - - [18/Mar/2017:15:14:24 +0000] "GET /assets/bootstrap3/css/bootstrap.min.css HTTP/1.1" 304 - "http://localhost:8069/message/3" "Mozilla/5.0 (Macintosh; Intel Mac OS X 10_12_3) AppleWebKit/537.36 (KHTML, like Gecko) Chrome/56.0.2924.87 Safari/537.36"

[2017-03-18 16:15:13.596] [INFO] livreor - ::ffff:127.0.0.1 - - [18/Mar/2017:15:15:13 +0000] "GET /message/3 HTTP/1.1" 200 936 "http://localhost:8069/" "Mozilla/5.0 (Macintosh; Intel Mac OS X 10_12_3) AppleWebKit/537.36 (KHTML, like Gecko) Chrome/56.0.2924.87 Safari/537.36"

[2017-03-18 16:15:13.607] [INFO] livreor - ::ffff:127.0.0.1 - - [18/Mar/2017:15:15:13 +0000] "GET /assets/bootstrap3/css/bootstrap.min.css HTTP/1.1" 304 - "http://localhost:8069/message/3" "Mozilla/5.0 (Macintosh; Intel Mac OS X 10_12_3) AppleWebKit/537.36 (KHTML, like Gecko) Chrome/56.0.2924.87 Safari/537.36"

[2017-03-18 16:15:25.017] [INFO] livreor - ::ffff:127.0.0.1 - - [18/Mar/2017:15:15:25 +0000] "GET /message/3 HTTP/1.1" 200 934 "http://localhost:8069/" "Mozilla/5.0 (Macintosh; Intel Mac OS X 10_12_3) AppleWebKit/537.36 (KHTML, like Gecko) Chrome/56.0.2924.87 Safari/537.36"

[2017-03-18 16:15:25.038] [INFO] livreor - ::ffff:127.0.0.1 - - [18/Mar/2017:15:15:25 +0000] "GET /assets/bootstrap3/css/bootstrap.min.css HTTP/1.1" 304 - "http://localhost:8069/message/3" "Mozilla/5.0 (Macintosh; Intel Mac OS X 10_12_3) AppleWebKit/537.36 (KHTML, like Gecko) Chrome/56.0.2924.87 Safari/537.36"

[2017-03-18 16:16:11.860] [INFO] livreor - ::ffff:127.0.0.1 - - [18/Mar/2017:15:16:11 +0000] "GET /message/3 HTTP/1.1" 200 931 "http://localhost:8069/" "Mozilla/5.0 (Macintosh; Intel Mac OS X 10_12_3) AppleWebKit/537.36 (KHTML, like Gecko) Chrome/56.0.2924.87 Safari/537.36"

[2017-03-18 16:16:11.869] [INFO] livreor - ::ffff:127.0.0.1 - - [18/Mar/2017:15:16:11 +0000] "GET /assets/bootstrap3/css/bootstrap.min.css HTTP/1.1" 304 - "http://localhost:8069/message/3" "Mozilla/5.0 (Macintosh; Intel Mac OS X 10_12_3) AppleWebKit/537.36 (KHTML, like Gecko) Chrome/56.0.2924.87 Safari/537.36"

[2017-03-18 16:17:14.186] [INFO] livreor - ::ffff:127.0.0.1 - - [18/Mar/2017:15:17:14 +0000] "GET /message/3 HTTP/1.1" 200 936 "http://localhost:8069/" "Mozilla/5.0 (Macintosh; Intel Mac OS X 10_12_3) AppleWebKit/537.36 (KHTML, like Gecko) Chrome/56.0.2924.87 Safari/537.36"

[2017-03-18 16:17:14.196] [INFO] livreor - ::ffff:127.0.0.1 - - [18/Mar/2017:15:17:14 +0000] "GET /assets/bootstrap3/css/bootstrap.min.css HTTP/1.1" 304 - "http://localhost:8069/message/3" "Mozilla/5.0 (Macintosh; Intel Mac OS X 10_12_3) AppleWebKit/537.36 (KHTML, like Gecko) Chrome/56.0.2924.87 Safari/537.36"

[2017-03-18 16:17:54.863] [INFO] livreor - ::ffff:127.0.0.1 - - [18/Mar/2017:15:17:54 +0000] "GET /message/3 HTTP/1.1" 200 939 "http://localhost:8069/" "Mozilla/5.0 (Macintosh; Intel Mac OS X 10_12_3) AppleWebKit/537.36 (KHTML, like Gecko) Chrome/56.0.2924.87 Safari/537.36"

[2017-03-18 16:17:54.875] [INFO] livreor - ::ffff:127.0.0.1 - - [18/Mar/2017:15:17:54 +0000] "GET /assets/bootstrap3/css/bootstrap.min.css HTTP/1.1" 304 - "http://localhost:8069/message/3" "Mozilla/5.0 (Macintosh; Intel Mac OS X 10_12_3) AppleWebKit/537.36 (KHTML, like Gecko) Chrome/56.0.2924.87 Safari/537.36"

[2017-03-18 16:18:40.054] [INFO] livreor - ::ffff:127.0.0.1 - - [18/Mar/2017:15:18:40 +0000] "GET /message/3 HTTP/1.1" 200 931 "http://localhost:8069/" "Mozilla/5.0 (Macintosh; Intel Mac OS X 10_12_3) AppleWebKit/537.36 (KHTML, like Gecko) Chrome/56.0.2924.87 Safari/537.36"

[2017-03-18 16:18:40.062] [INFO] livreor - ::ffff:127.0.0.1 - - [18/Mar/2017:15:18:40 +0000] "GET /assets/bootstrap3/css/bootstrap.min.css HTTP/1.1" 304 - "http://localhost:8069/message/3" "Mozilla/5.0 (Macintosh; Intel Mac OS X 10_12_3) AppleWebKit/537.36 (KHTML, like Gecko) Chrome/56.0.2924.87 Safari/537.36"

[2017-03-18 16:18:57.538] [INFO] livreor - ::ffff:127.0.0.1 - - [18/Mar/2017:15:18:57 +0000] "GET /message/3 HTTP/1.1" 200 915 "http://localhost:8069/" "Mozilla/5.0 (Macintosh; Intel Mac OS X 10_12_3) AppleWebKit/537.36 (KHTML, like Gecko) Chrome/56.0.2924.87 Safari/537.36"

[2017-03-18 16:18:57.546] [INFO] livreor - ::ffff:127.0.0.1 - - [18/Mar/2017:15:18:57 +0000] "GET /assets/bootstrap3/css/bootstrap.min.css HTTP/1.1" 304 - "http://localhost:8069/message/3" "Mozilla/5.0 (Macintosh; Intel Mac OS X 10_12_3) AppleWebKit/537.36 (KHTML, like Gecko) Chrome/56.0.2924.87 Safari/537.36"

[2017-03-18 16:19:45.547] [INFO] livreor - ::ffff:127.0.0.1 - - [18/Mar/2017:15:19:45 +0000] "GET /message/3 HTTP/1.1" 200 931 "http://localhost:8069/" "Mozilla/5.0 (Macintosh; Intel Mac OS X 10_12_3) AppleWebKit/537.36 (KHTML, like Gecko) Chrome/56.0.2924.87 Safari/537.36"

[2017-03-18 16:19:45.555] [INFO] livreor - ::ffff:127.0.0.1 - - [18/Mar/2017:15:19:45 +0000] "GET /assets/bootstrap3/css/bootstrap.min.css HTTP/1.1" 304 - "http://localhost:8069/message/3" "Mozilla/5.0 (Macintosh; Intel Mac OS X 10_12_3) AppleWebKit/537.36 (KHTML, like Gecko) Chrome/56.0.2924.87 Safari/537.36"

[2017-03-18 16:19:56.132] [INFO] livreor - ::ffff:127.0.0.1 - - [18/Mar/2017:15:19:56 +0000] "GET /message/3 HTTP/1.1" 200 938 "http://localhost:8069/" "Mozilla/5.0 (Macintosh; Intel Mac OS X 10_12_3) AppleWebKit/537.36 (KHTML, like Gecko) Chrome/56.0.2924.87 Safari/537.36"

[2017-03-18 16:19:56.140] [INFO] livreor - ::ffff:127.0.0.1 - - [18/Mar/2017:15:19:56 +0000] "GET /assets/bootstrap3/css/bootstrap.min.css HTTP/1.1" 304 - "http://localhost:8069/message/3" "Mozilla/5.0 (Macintosh; Intel Mac OS X 10_12_3) AppleWebKit/537.36 (KHTML, like Gecko) Chrome/56.0.2924.87 Safari/537.36"

[2017-03-18 16:20:18.987] [INFO] livreor - ::ffff:127.0.0.1 - - [18/Mar/2017:15:20:18 +0000] "GET /message/3 HTTP/1.1" 200 936 "http://localhost:8069/" "Mozilla/5.0 (Macintosh; Intel Mac OS X 10_12_3) AppleWebKit/537.36 (KHTML, like Gecko) Chrome/56.0.2924.87 Safari/537.36"

[2017-03-18 16:20:18.995] [INFO] livreor - ::ffff:127.0.0.1 - - [18/Mar/2017:15:20:18 +0000] "GET /assets/bootstrap3/css/bootstrap.min.css HTTP/1.1" 304 - "http://localhost:8069/message/3" "Mozilla/5.0 (Macintosh; Intel Mac OS X 10_12_3) AppleWebKit/537.36 (KHTML, like Gecko) Chrome/56.0.2924.87 Safari/537.36"

[2017-03-18 16:20:45.143] [INFO] livreor - ::ffff:127.0.0.1 - - [18/Mar/2017:15:20:45 +0000] "GET /message/3 HTTP/1.1" 200 887 "http://localhost:8069/" "Mozilla/5.0 (Macintosh; Intel Mac OS X 10_12_3) AppleWebKit/537.36 (KHTML, like Gecko) Chrome/56.0.2924.87 Safari/537.36"

[2017-03-18 16:20:45.152] [INFO] livreor - ::ffff:127.0.0.1 - - [18/Mar/2017:15:20:45 +0000] "GET /assets/bootstrap3/css/bootstrap.min.css HTTP/1.1" 304 - "http://localhost:8069/message/3" "Mozilla/5.0 (Macintosh; Intel Mac OS X 10_12_3) AppleWebKit/537.36 (KHTML, like Gecko) Chrome/56.0.2924.87 Safari/537.36"

[2017-03-18 16:21:33.165] [INFO] livreor - ::ffff:127.0.0.1 - - [18/Mar/2017:15:21:33 +0000] "GET /message/3 HTTP/1.1" 200 870 "http://localhost:8069/" "Mozilla/5.0 (Macintosh; Intel Mac OS X 10_12_3) AppleWebKit/537.36 (KHTML, like Gecko) Chrome/56.0.2924.87 Safari/537.36"

[2017-03-18 16:21:33.173] [INFO] livreor - ::ffff:127.0.0.1 - - [18/Mar/2017:15:21:33 +0000] "GET /assets/bootstrap3/css/bootstrap.min.css HTTP/1.1" 304 - "http://localhost:8069/message/3" "Mozilla/5.0 (Macintosh; Intel Mac OS X 10_12_3) AppleWebKit/537.36 (KHTML, like Gecko) Chrome/56.0.2924.87 Safari/537.36"

[2017-03-18 16:23:27.174] [INFO] livreor - ::ffff:127.0.0.1 - - [18/Mar/2017:15:23:27 +0000] "GET /message/3 HTTP/1.1" 200 894 "http://localhost:8069/" "Mozilla/5.0 (Macintosh; Intel Mac OS X 10_12_3) AppleWebKit/537.36 (KHTML, like Gecko) Chrome/56.0.2924.87 Safari/537.36"

[2017-03-18 16:23:27.186] [INFO] livreor - ::ffff:127.0.0.1 - - [18/Mar/2017:15:23:27 +0000] "GET /assets/bootstrap3/css/bootstrap.min.css HTTP/1.1" 304 - "http://localhost:8069/message/3" "Mozilla/5.0 (Macintosh; Intel Mac OS X 10_12_3) AppleWebKit/537.36 (KHTML, like Gecko) Chrome/56.0.2924.87 Safari/537.36"

[2017-03-18 16:24:00.191] [INFO] livreor - ::ffff:127.0.0.1 - - [18/Mar/2017:15:24:00 +0000] "GET /message/3 HTTP/1.1" 200 896 "http://localhost:8069/" "Mozilla/5.0 (Macintosh; Intel Mac OS X 10_12_3) AppleWebKit/537.36 (KHTML, like Gecko) Chrome/56.0.2924.87 Safari/537.36"

[2017-03-18 16:24:00.199] [INFO] livreor - ::ffff:127.0.0.1 - - [18/Mar/2017:15:24:00 +0000] "GET /assets/bootstrap3/css/bootstrap.min.css HTTP/1.1" 304 - "http://localhost:8069/message/3" "Mozilla/5.0 (Macintosh; Intel Mac OS X 10_12_3) AppleWebKit/537.36 (KHTML, like Gecko) Chrome/56.0.2924.87 Safari/537.36"

[2017-03-18 16:25:25.210] [INFO] livreor - ::ffff:127.0.0.1 - - [18/Mar/2017:15:25:25 +0000] "GET /message/3 HTTP/1.1" 200 896 "http://localhost:8069/" "Mozilla/5.0 (Macintosh; Intel Mac OS X 10_12_3) AppleWebKit/537.36 (KHTML, like Gecko) Chrome/56.0.2924.87 Safari/537.36"

[2017-03-18 16:25:25.218] [INFO] livreor - ::ffff:127.0.0.1 - - [18/Mar/2017:15:25:25 +0000] "GET /assets/bootstrap3/css/bootstrap.min.css HTTP/1.1" 304 - "http://localhost:8069/message/3" "Mozilla/5.0 (Macintosh; Intel Mac OS X 10_12_3) AppleWebKit/537.36 (KHTML, like Gecko) Chrome/56.0.2924.87 Safari/537.36"

[2017-03-18 16:25:35.059] [INFO] livreor - ::ffff:127.0.0.1 - - [18/Mar/2017:15:25:35 +0000] "GET / HTTP/1.1" 200 6743 "http://localhost:8069/message/3" "Mozilla/5.0 (Macintosh; Intel Mac OS X 10_12_3) AppleWebKit/537.36 (KHTML, like Gecko) Chrome/56.0.2924.87 Safari/537.36"

[2017-03-18 16:25:35.069] [INFO] livreor - ::ffff:127.0.0.1 - - [18/Mar/2017:15:25:35 +0000] "GET /assets/bootstrap3/css/bootstrap.min.css HTTP/1.1" 304 - "http://localhost:8069/" "Mozilla/5.0 (Macintosh; Intel Mac OS X 10_12_3) AppleWebKit/537.36 (KHTML, like Gecko) Chrome/56.0.2924.87 Safari/537.36"

[2017-03-18 16:27:08.134] [INFO] livreor - ::ffff:127.0.0.1 - - [18/Mar/2017:15:27:08 +0000] "GET / HTTP/1.1" 200 7103 "http://localhost:8069/message/3" "Mozilla/5.0 (Macintosh; Intel Mac OS X 10_12_3) AppleWebKit/537.36 (KHTML, like Gecko) Chrome/56.0.2924.87 Safari/537.36"

[2017-03-18 16:27:08.146] [INFO] livreor - ::ffff:127.0.0.1 - - [18/Mar/2017:15:27:08 +0000] "GET /assets/bootstrap3/css/bootstrap.min.css HTTP/1.1" 304 - "http://localhost:8069/" "Mozilla/5.0 (Macintosh; Intel Mac OS X 10_12_3) AppleWebKit/537.36 (KHTML, like Gecko) Chrome/56.0.2924.87 Safari/537.36"

[2017-03-18 16:28:18.875] [INFO] livreor - ::ffff:127.0.0.1 - - [18/Mar/2017:15:28:18 +0000] "GET / HTTP/1.1" 200 7129 "http://localhost:8069/message/3" "Mozilla/5.0 (Macintosh; Intel Mac OS X 10_12_3) AppleWebKit/537.36 (KHTML, like Gecko) Chrome/56.0.2924.87 Safari/537.36"

[2017-03-18 16:28:18.887] [INFO] livreor - ::ffff:127.0.0.1 - - [18/Mar/2017:15:28:18 +0000] "GET /assets/bootstrap3/css/bootstrap.min.css HTTP/1.1" 304 - "http://localhost:8069/" "Mozilla/5.0 (Macintosh; Intel Mac OS X 10_12_3) AppleWebKit/537.36 (KHTML, like Gecko) Chrome/56.0.2924.87 Safari/537.36"

[2017-03-18 16:28:47.347] [INFO] livreor - ::ffff:127.0.0.1 - - [18/Mar/2017:15:28:47 +0000] "GET / HTTP/1.1" 200 6742 "http://localhost:8069/message/3" "Mozilla/5.0 (Macintosh; Intel Mac OS X 10_12_3) AppleWebKit/537.36 (KHTML, like Gecko) Chrome/56.0.2924.87 Safari/537.36"

[2017-03-18 16:28:47.355] [INFO] livreor - ::ffff:127.0.0.1 - - [18/Mar/2017:15:28:47 +0000] "GET /assets/bootstrap3/css/bootstrap.min.css HTTP/1.1" 304 - "http://localhost:8069/" "Mozilla/5.0 (Macintosh; Intel Mac OS X 10_12_3) AppleWebKit/537.36 (KHTML, like Gecko) Chrome/56.0.2924.87 Safari/537.36"

[2017-03-18 16:31:42.499] [INFO] livreor - ::ffff:127.0.0.1 - - [18/Mar/2017:15:31:42 +0000] "GET / HTTP/1.1" 200 6749 "http://localhost:8069/message/3" "Mozilla/5.0 (Macintosh; Intel Mac OS X 10_12_3) AppleWebKit/537.36 (KHTML, like Gecko) Chrome/56.0.2924.87 Safari/537.36"

[2017-03-18 16:31:42.507] [INFO] livreor - ::ffff:127.0.0.1 - - [18/Mar/2017:15:31:42 +0000] "GET /assets/bootstrap3/css/bootstrap.min.css HTTP/1.1" 304 - "http://localhost:8069/" "Mozilla/5.0 (Macintosh; Intel Mac OS X 10_12_3) AppleWebKit/537.36 (KHTML, like Gecko) Chrome/56.0.2924.87 Safari/537.36"

[2017-03-18 16:31:45.234] [INFO] livreor - ::ffff:127.0.0.1 - - [18/Mar/2017:15:31:45 +0000] "GET / HTTP/1.1" 200 6749 "http://localhost:8069/message/3" "Mozilla/5.0 (Macintosh; Intel Mac OS X 10_12_3) AppleWebKit/537.36 (KHTML, like Gecko) Chrome/56.0.2924.87 Safari/537.36"

[2017-03-18 16:31:45.243] [INFO] livreor - ::ffff:127.0.0.1 - - [18/Mar/2017:15:31:45 +0000] "GET /assets/bootstrap3/css/bootstrap.min.css HTTP/1.1" 304 - "http://localhost:8069/" "Mozilla/5.0 (Macintosh; Intel Mac OS X 10_12_3) AppleWebKit/537.36 (KHTML, like Gecko) Chrome/56.0.2924.87 Safari/537.36"

[2017-03-18 16:32:25.126] [INFO] livreor - ::ffff:127.0.0.1 - - [18/Mar/2017:15:32:25 +0000] "GET / HTTP/1.1" 200 7088 "http://localhost:8069/message/3" "Mozilla/5.0 (Macintosh; Intel Mac OS X 10_12_3) AppleWebKit/537.36 (KHTML, like Gecko) Chrome/56.0.2924.87 Safari/537.36"

[2017-03-18 16:32:25.134] [INFO] livreor - ::ffff:127.0.0.1 - - [18/Mar/2017:15:32:25 +0000] "GET /assets/bootstrap3/css/bootstrap.min.css HTTP/1.1" 304 - "http://localhost:8069/" "Mozilla/5.0 (Macintosh; Intel Mac OS X 10_12_3) AppleWebKit/537.36 (KHTML, like Gecko) Chrome/56.0.2924.87 Safari/537.36"

[2017-03-18 16:32:28.657] [INFO] livreor - ::ffff:127.0.0.1 - - [18/Mar/2017:15:32:28 +0000] "GET / HTTP/1.1" 304 - "http://localhost:8069/message/3" "Mozilla/5.0 (Macintosh; Intel Mac OS X 10_12_3) AppleWebKit/537.36 (KHTML, like Gecko) Chrome/56.0.2924.87 Safari/537.36"

[2017-03-18 16:32:28.667] [INFO] livreor - ::ffff:127.0.0.1 - - [18/Mar/2017:15:32:28 +0000] "GET /assets/bootstrap3/css/bootstrap.min.css HTTP/1.1" 304 - "http://localhost:8069/" "Mozilla/5.0 (Macintosh; Intel Mac OS X 10_12_3) AppleWebKit/537.36 (KHTML, like Gecko) Chrome/56.0.2924.87 Safari/537.36"

[2017-03-18 16:34:39.771] [INFO] livreor - ::ffff:127.0.0.1 - - [18/Mar/2017:15:34:39 +0000] "GET / HTTP/1.1" 200 7102 "http://localhost:8069/message/3" "Mozilla/5.0 (Macintosh; Intel Mac OS X 10_12_3) AppleWebKit/537.36 (KHTML, like Gecko) Chrome/56.0.2924.87 Safari/537.36"

[2017-03-18 16:34:39.784] [INFO] livreor - ::ffff:127.0.0.1 - - [18/Mar/2017:15:34:39 +0000] "GET /assets/bootstrap3/css/bootstrap.min.css HTTP/1.1" 304 - "http://localhost:8069/" "Mozilla/5.0 (Macintosh; Intel Mac OS X 10_12_3) AppleWebKit/537.36 (KHTML, like Gecko) Chrome/56.0.2924.87 Safari/537.36"

[2017-03-18 16:35:20.093] [INFO] livreor - ::ffff:127.0.0.1 - - [18/Mar/2017:15:35:20 +0000] "GET / HTTP/1.1" 200 7105 "http://localhost:8069/message/3" "Mozilla/5.0 (Macintosh; Intel Mac OS X 10_12_3) AppleWebKit/537.36 (KHTML, like Gecko) Chrome/56.0.2924.87 Safari/537.36"

[2017-03-18 16:35:20.102] [INFO] livreor - ::ffff:127.0.0.1 - - [18/Mar/2017:15:35:20 +0000] "GET /assets/bootstrap3/css/bootstrap.min.css HTTP/1.1" 304 - "http://localhost:8069/" "Mozilla/5.0 (Macintosh; Intel Mac OS X 10_12_3) AppleWebKit/537.36 (KHTML, like Gecko) Chrome/56.0.2924.87 Safari/537.36"

[2017-03-18 16:42:54.485] [INFO] livreor - ::ffff:127.0.0.1 - - [18/Mar/2017:15:42:54 +0000] "GET / HTTP/1.1" 200 7074 "http://localhost:8069/message/3" "Mozilla/5.0 (Macintosh; Intel Mac OS X 10_12_3) AppleWebKit/537.36 (KHTML, like Gecko) Chrome/56.0.2924.87 Safari/537.36"

[2017-03-18 16:42:54.498] [INFO] livreor - ::ffff:127.0.0.1 - - [18/Mar/2017:15:42:54 +0000] "GET /assets/bootstrap3/css/bootstrap.min.css HTTP/1.1" 304 - "http://localhost:8069/" "Mozilla/5.0 (Macintosh; Intel Mac OS X 10_12_3) AppleWebKit/537.36 (KHTML, like Gecko) Chrome/56.0.2924.87 Safari/537.36"

[2017-03-18 16:43:40.324] [INFO] livreor - ::ffff:127.0.0.1 - - [18/Mar/2017:15:43:40 +0000] "GET / HTTP/1.1" 200 7063 "http://localhost:8069/message/3" "Mozilla/5.0 (Macintosh; Intel Mac OS X 10_12_3) AppleWebKit/537.36 (KHTML, like Gecko) Chrome/56.0.2924.87 Safari/537.36"

[2017-03-18 16:43:40.333] [INFO] livreor - ::ffff:127.0.0.1 - - [18/Mar/2017:15:43:40 +0000] "GET /assets/bootstrap3/css/bootstrap.min.css HTTP/1.1" 304 - "http://localhost:8069/" "Mozilla/5.0 (Macintosh; Intel Mac OS X 10_12_3) AppleWebKit/537.36 (KHTML, like Gecko) Chrome/56.0.2924.87 Safari/537.36"

[2017-03-18 16:44:03.265] [INFO] livreor - ::ffff:127.0.0.1 - - [18/Mar/2017:15:44:03 +0000] "GET / HTTP/1.1" 200 7106 "http://localhost:8069/message/3" "Mozilla/5.0 (Macintosh; Intel Mac OS X 10_12_3) AppleWebKit/537.36 (KHTML, like Gecko) Chrome/56.0.2924.87 Safari/537.36"

[2017-03-18 16:44:03.276] [INFO] livreor - ::ffff:127.0.0.1 - - [18/Mar/2017:15:44:03 +0000] "GET /assets/bootstrap3/css/bootstrap.min.css HTTP/1.1" 304 - "http://localhost:8069/" "Mozilla/5.0 (Macintosh; Intel Mac OS X 10_12_3) AppleWebKit/537.36 (KHTML, like Gecko) Chrome/56.0.2924.87 Safari/537.36"

[2017-03-18 16:44:36.669] [INFO] livreor - ::ffff:127.0.0.1 - - [18/Mar/2017:15:44:36 +0000] "GET / HTTP/1.1" 200 7107 "http://localhost:8069/message/3" "Mozilla/5.0 (Macintosh; Intel Mac OS X 10_12_3) AppleWebKit/537.36 (KHTML, like Gecko) Chrome/56.0.2924.87 Safari/537.36"

[2017-03-18 16:44:36.678] [INFO] livreor - ::ffff:127.0.0.1 - - [18/Mar/2017:15:44:36 +0000] "GET /assets/bootstrap3/css/bootstrap.min.css HTTP/1.1" 304 - "http://localhost:8069/" "Mozilla/5.0 (Macintosh; Intel Mac OS X 10_12_3) AppleWebKit/537.36 (KHTML, like Gecko) Chrome/56.0.2924.87 Safari/537.36"

[2017-03-18 16:46:29.171] [INFO] livreor - ::ffff:127.0.0.1 - - [18/Mar/2017:15:46:29 +0000] "GET / HTTP/1.1" 200 7421 "http://localhost:8069/message/3" "Mozilla/5.0 (Macintosh; Intel Mac OS X 10_12_3) AppleWebKit/537.36 (KHTML, like Gecko) Chrome/56.0.2924.87 Safari/537.36"

[2017-03-18 16:46:29.181] [INFO] livreor - ::ffff:127.0.0.1 - - [18/Mar/2017:15:46:29 +0000] "GET /assets/bootstrap3/css/bootstrap.min.css HTTP/1.1" 304 - "http://localhost:8069/" "Mozilla/5.0 (Macintosh; Intel Mac OS X 10_12_3) AppleWebKit/537.36 (KHTML, like Gecko) Chrome/56.0.2924.87 Safari/537.36"

[2017-03-18 16:47:30.836] [INFO] livreor - ::ffff:127.0.0.1 - - [18/Mar/2017:15:47:30 +0000] "GET / HTTP/1.1" 200 7419 "http://localhost:8069/message/3" "Mozilla/5.0 (Macintosh; Intel Mac OS X 10_12_3) AppleWebKit/537.36 (KHTML, like Gecko) Chrome/56.0.2924.87 Safari/537.36"

[2017-03-18 16:47:30.846] [INFO] livreor - ::ffff:127.0.0.1 - - [18/Mar/2017:15:47:30 +0000] "GET /assets/bootstrap3/css/bootstrap.min.css HTTP/1.1" 304 - "http://localhost:8069/" "Mozilla/5.0 (Macintosh; Intel Mac OS X 10_12_3) AppleWebKit/537.36 (KHTML, like Gecko) Chrome/56.0.2924.87 Safari/537.36"

[2017-03-18 16:47:54.371] [INFO] livreor - ::ffff:127.0.0.1 - - [18/Mar/2017:15:47:54 +0000] "GET / HTTP/1.1" 200 7105 "http://localhost:8069/message/3" "Mozilla/5.0 (Macintosh; Intel Mac OS X 10_12_3) AppleWebKit/537.36 (KHTML, like Gecko) Chrome/56.0.2924.87 Safari/537.36"

[2017-03-18 16:47:54.381] [INFO] livreor - ::ffff:127.0.0.1 - - [18/Mar/2017:15:47:54 +0000] "GET /assets/bootstrap3/css/bootstrap.min.css HTTP/1.1" 304 - "http://localhost:8069/" "Mozilla/5.0 (Macintosh; Intel Mac OS X 10_12_3) AppleWebKit/537.36 (KHTML, like Gecko) Chrome/56.0.2924.87 Safari/537.36"

[2017-03-18 16:48:05.588] [INFO] livreor - ::ffff:127.0.0.1 - - [18/Mar/2017:15:48:05 +0000] "GET / HTTP/1.1" 200 7103 "http://localhost:8069/message/3" "Mozilla/5.0 (Macintosh; Intel Mac OS X 10_12_3) AppleWebKit/537.36 (KHTML, like Gecko) Chrome/56.0.2924.87 Safari/537.36"

[2017-03-18 16:48:05.596] [INFO] livreor - ::ffff:127.0.0.1 - - [18/Mar/2017:15:48:05 +0000] "GET /assets/bootstrap3/css/bootstrap.min.css HTTP/1.1" 304 - "http://localhost:8069/" "Mozilla/5.0 (Macintosh; Intel Mac OS X 10_12_3) AppleWebKit/537.36 (KHTML, like Gecko) Chrome/56.0.2924.87 Safari/537.36"

[2017-03-18 16:49:16.420] [INFO] livreor - ::ffff:127.0.0.1 - - [18/Mar/2017:15:49:16 +0000] "GET / HTTP/1.1" 200 7105 "http://localhost:8069/message/3" "Mozilla/5.0 (Macintosh; Intel Mac OS X 10_12_3) AppleWebKit/537.36 (KHTML, like Gecko) Chrome/56.0.2924.87 Safari/537.36"

[2017-03-18 16:49:16.433] [INFO] livreor - ::ffff:127.0.0.1 - - [18/Mar/2017:15:49:16 +0000] "GET /assets/bootstrap3/css/bootstrap.min.css HTTP/1.1" 304 - "http://localhost:8069/" "Mozilla/5.0 (Macintosh; Intel Mac OS X 10_12_3) AppleWebKit/537.36 (KHTML, like Gecko) Chrome/56.0.2924.87 Safari/537.36"

[2017-03-18 16:49:51.026] [INFO] livreor - ::ffff:127.0.0.1 - - [18/Mar/2017:15:49:51 +0000] "GET / HTTP/1.1" 200 7107 "http://localhost:8069/message/3" "Mozilla/5.0 (Macintosh; Intel Mac OS X 10_12_3) AppleWebKit/537.36 (KHTML, like Gecko) Chrome/56.0.2924.87 Safari/537.36"

[2017-03-18 16:49:51.035] [INFO] livreor - ::ffff:127.0.0.1 - - [18/Mar/2017:15:49:51 +0000] "GET /assets/bootstrap3/css/bootstrap.min.css HTTP/1.1" 304 - "http://localhost:8069/" "Mozilla/5.0 (Macintosh; Intel Mac OS X 10_12_3) AppleWebKit/537.36 (KHTML, like Gecko) Chrome/56.0.2924.87 Safari/537.36"

[2017-03-18 16:51:56.948] [INFO] livreor - ::ffff:127.0.0.1 - - [18/Mar/2017:15:51:56 +0000] "GET / HTTP/1.1" 200 7144 "http://localhost:8069/message/3" "Mozilla/5.0 (Macintosh; Intel Mac OS X 10_12_3) AppleWebKit/537.36 (KHTML, like Gecko) Chrome/56.0.2924.87 Safari/537.36"

[2017-03-18 16:51:56.956] [INFO] livreor - ::ffff:127.0.0.1 - - [18/Mar/2017:15:51:56 +0000] "GET /assets/bootstrap3/css/bootstrap.min.css HTTP/1.1" 304 - "http://localhost:8069/" "Mozilla/5.0 (Macintosh; Intel Mac OS X 10_12_3) AppleWebKit/537.36 (KHTML, like Gecko) Chrome/56.0.2924.87 Safari/537.36"

[2017-03-18 16:55:02.585] [INFO] livreor - ::ffff:127.0.0.1 - - [18/Mar/2017:15:55:02 +0000] "GET / HTTP/1.1" 200 7157 "http://localhost:8069/message/3" "Mozilla/5.0 (Macintosh; Intel Mac OS X 10_12_3) AppleWebKit/537.36 (KHTML, like Gecko) Chrome/56.0.2924.87 Safari/537.36"

[2017-03-18 16:55:02.594] [INFO] livreor - ::ffff:127.0.0.1 - - [18/Mar/2017:15:55:02 +0000] "GET /assets/bootstrap3/css/bootstrap.min.css HTTP/1.1" 304 - "http://localhost:8069/" "Mozilla/5.0 (Macintosh; Intel Mac OS X 10_12_3) AppleWebKit/537.36 (KHTML, like Gecko) Chrome/56.0.2924.87 Safari/537.36"

[2017-03-18 16:55:05.069] [INFO] livreor - ::ffff:127.0.0.1 - - [18/Mar/2017:15:55:05 +0000] "POST / HTTP/1.1" 302 46 "http://localhost:8069/" "Mozilla/5.0 (Macintosh; Intel Mac OS X 10_12_3) AppleWebKit/537.36 (KHTML, like Gecko) Chrome/56.0.2924.87 Safari/537.36"

[2017-03-18 16:55:05.073] [INFO] livreor - ::ffff:127.0.0.1 - - [18/Mar/2017:15:55:05 +0000] "GET / HTTP/1.1" 200 7273 "http://localhost:8069/" "Mozilla/5.0 (Macintosh; Intel Mac OS X 10_12_3) AppleWebKit/537.36 (KHTML, like Gecko) Chrome/56.0.2924.87 Safari/537.36"

[2017-03-18 16:55:05.081] [INFO] livreor - ::ffff:127.0.0.1 - - [18/Mar/2017:15:55:05 +0000] "GET /assets/bootstrap3/css/bootstrap.min.css HTTP/1.1" 304 - "http://localhost:8069/" "Mozilla/5.0 (Macintosh; Intel Mac OS X 10_12_3) AppleWebKit/537.36 (KHTML, like Gecko) Chrome/56.0.2924.87 Safari/537.36"

[2017-03-18 16:55:52.294] [INFO] livreor - ::ffff:127.0.0.1 - - [18/Mar/2017:15:55:52 +0000] "GET / HTTP/1.1" 200 7174 "http://localhost:8069/" "Mozilla/5.0 (Macintosh; Intel Mac OS X 10_12_3) AppleWebKit/537.36 (KHTML, like Gecko) Chrome/56.0.2924.87 Safari/537.36"

[2017-03-18 16:55:52.302] [INFO] livreor - ::ffff:127.0.0.1 - - [18/Mar/2017:15:55:52 +0000] "GET /assets/bootstrap3/css/bootstrap.min.css HTTP/1.1" 304 - "http://localhost:8069/" "Mozilla/5.0 (Macintosh; Intel Mac OS X 10_12_3) AppleWebKit/537.36 (KHTML, like Gecko) Chrome/56.0.2924.87 Safari/537.36"

[2017-03-18 16:55:53.427] [INFO] livreor - ::ffff:127.0.0.1 - - [18/Mar/2017:15:55:53 +0000] "POST / HTTP/1.1" 302 46 "http://localhost:8069/" "Mozilla/5.0 (Macintosh; Intel Mac OS X 10_12_3) AppleWebKit/537.36 (KHTML, like Gecko) Chrome/56.0.2924.87 Safari/537.36"

[2017-03-18 16:55:53.433] [INFO] livreor - ::ffff:127.0.0.1 - - [18/Mar/2017:15:55:53 +0000] "GET / HTTP/1.1" 200 7290 "http://localhost:8069/" "Mozilla/5.0 (Macintosh; Intel Mac OS X 10_12_3) AppleWebKit/537.36 (KHTML, like Gecko) Chrome/56.0.2924.87 Safari/537.36"

[2017-03-18 16:55:53.443] [INFO] livreor - ::ffff:127.0.0.1 - - [18/Mar/2017:15:55:53 +0000] "GET /assets/bootstrap3/css/bootstrap.min.css HTTP/1.1" 304 - "http://localhost:8069/" "Mozilla/5.0 (Macintosh; Intel Mac OS X 10_12_3) AppleWebKit/537.36 (KHTML, like Gecko) Chrome/56.0.2924.87 Safari/537.36"

[2017-03-18 16:57:34.061] [INFO] livreor - ::ffff:127.0.0.1 - - [18/Mar/2017:15:57:34 +0000] "POST / HTTP/1.1" 302 46 "http://localhost:8069/" "Mozilla/5.0 (Macintosh; Intel Mac OS X 10_12_3) AppleWebKit/537.36 (KHTML, like Gecko) Chrome/56.0.2924.87 Safari/537.36"

[2017-03-18 16:57:34.066] [INFO] livreor - ::ffff:127.0.0.1 - - [18/Mar/2017:15:57:34 +0000] "GET / HTTP/1.1" 200 7316 "http://localhost:8069/" "Mozilla/5.0 (Macintosh; Intel Mac OS X 10_12_3) AppleWebKit/537.36 (KHTML, like Gecko) Chrome/56.0.2924.87 Safari/537.36"

[2017-03-18 16:57:34.076] [INFO] livreor - ::ffff:127.0.0.1 - - [18/Mar/2017:15:57:34 +0000] "GET /assets/bootstrap3/css/bootstrap.min.css HTTP/1.1" 304 - "http://localhost:8069/" "Mozilla/5.0 (Macintosh; Intel Mac OS X 10_12_3) AppleWebKit/537.36 (KHTML, like Gecko) Chrome/56.0.2924.87 Safari/537.36"

[2017-03-18 16:57:48.941] [INFO] livreor - ::ffff:127.0.0.1 - - [18/Mar/2017:15:57:48 +0000] "POST / HTTP/1.1" 302 46 "http://localhost:8069/" "Mozilla/5.0 (Macintosh; Intel Mac OS X 10_12_3) AppleWebKit/537.36 (KHTML, like Gecko) Chrome/56.0.2924.87 Safari/537.36"

[2017-03-18 16:57:48.952] [INFO] livreor - ::ffff:127.0.0.1 - - [18/Mar/2017:15:57:48 +0000] "GET / HTTP/1.1" 200 7290 "http://localhost:8069/" "Mozilla/5.0 (Macintosh; Intel Mac OS X 10_12_3) AppleWebKit/537.36 (KHTML, like Gecko) Chrome/56.0.2924.87 Safari/537.36"

[2017-03-18 16:57:48.962] [INFO] livreor - ::ffff:127.0.0.1 - - [18/Mar/2017:15:57:48 +0000] "GET /assets/bootstrap3/css/bootstrap.min.css HTTP/1.1" 304 - "http://localhost:8069/" "Mozilla/5.0 (Macintosh; Intel Mac OS X 10_12_3) AppleWebKit/537.36 (KHTML, like Gecko) Chrome/56.0.2924.87 Safari/537.36"

[2017-03-18 16:58:40.789] [INFO] livreor - ::ffff:127.0.0.1 - - [18/Mar/2017:15:58:40 +0000] "GET / HTTP/1.1" 200 7156 "http://localhost:8069/" "Mozilla/5.0 (Macintosh; Intel Mac OS X 10_12_3) AppleWebKit/537.36 (KHTML, like Gecko) Chrome/56.0.2924.87 Safari/537.36"

[2017-03-18 16:58:40.797] [INFO] livreor - ::ffff:127.0.0.1 - - [18/Mar/2017:15:58:40 +0000] "GET /assets/bootstrap3/css/bootstrap.min.css HTTP/1.1" 304 - "http://localhost:8069/" "Mozilla/5.0 (Macintosh; Intel Mac OS X 10_12_3) AppleWebKit/537.36 (KHTML, like Gecko) Chrome/56.0.2924.87 Safari/537.36"

[2017-03-18 16:58:43.191] [INFO] livreor - ::ffff:127.0.0.1 - - [18/Mar/2017:15:58:43 +0000] "POST / HTTP/1.1" 302 46 "http://localhost:8069/" "Mozilla/5.0 (Macintosh; Intel Mac OS X 10_12_3) AppleWebKit/537.36 (KHTML, like Gecko) Chrome/56.0.2924.87 Safari/537.36"

[2017-03-18 16:58:43.196] [INFO] livreor - ::ffff:127.0.0.1 - - [18/Mar/2017:15:58:43 +0000] "GET / HTTP/1.1" 200 7272 "http://localhost:8069/" "Mozilla/5.0 (Macintosh; Intel Mac OS X 10_12_3) AppleWebKit/537.36 (KHTML, like Gecko) Chrome/56.0.2924.87 Safari/537.36"

[2017-03-18 16:58:43.205] [INFO] livreor - ::ffff:127.0.0.1 - - [18/Mar/2017:15:58:43 +0000] "GET /assets/bootstrap3/css/bootstrap.min.css HTTP/1.1" 304 - "http://localhost:8069/" "Mozilla/5.0 (Macintosh; Intel Mac OS X 10_12_3) AppleWebKit/537.36 (KHTML, like Gecko) Chrome/56.0.2924.87 Safari/537.36"

[2017-03-18 16:58:51.990] [INFO] livreor - ::ffff:127.0.0.1 - - [18/Mar/2017:15:58:51 +0000] "GET / HTTP/1.1" 200 7173 "http://localhost:8069/" "Mozilla/5.0 (Macintosh; Intel Mac OS X 10_12_3) AppleWebKit/537.36 (KHTML, like Gecko) Chrome/56.0.2924.87 Safari/537.36"

[2017-03-18 16:58:51.998] [INFO] livreor - ::ffff:127.0.0.1 - - [18/Mar/2017:15:58:51 +0000] "GET /assets/bootstrap3/css/bootstrap.min.css HTTP/1.1" 304 - "http://localhost:8069/" "Mozilla/5.0 (Macintosh; Intel Mac OS X 10_12_3) AppleWebKit/537.36 (KHTML, like Gecko) Chrome/56.0.2924.87 Safari/537.36"

[2017-03-18 16:58:54.446] [INFO] livreor - ::ffff:127.0.0.1 - - [18/Mar/2017:15:58:54 +0000] "POST / HTTP/1.1" 302 46 "http://localhost:8069/" "Mozilla/5.0 (Macintosh; Intel Mac OS X 10_12_3) AppleWebKit/537.36 (KHTML, like Gecko) Chrome/56.0.2924.87 Safari/537.36"

[2017-03-18 16:58:54.451] [INFO] livreor - ::ffff:127.0.0.1 - - [18/Mar/2017:15:58:54 +0000] "GET / HTTP/1.1" 200 7289 "http://localhost:8069/" "Mozilla/5.0 (Macintosh; Intel Mac OS X 10_12_3) AppleWebKit/537.36 (KHTML, like Gecko) Chrome/56.0.2924.87 Safari/537.36"

[2017-03-18 16:58:54.465] [INFO] livreor - ::ffff:127.0.0.1 - - [18/Mar/2017:15:58:54 +0000] "GET /assets/bootstrap3/css/bootstrap.min.css HTTP/1.1" 304 - "http://localhost:8069/" "Mozilla/5.0 (Macintosh; Intel Mac OS X 10_12_3) AppleWebKit/537.36 (KHTML, like Gecko) Chrome/56.0.2924.87 Safari/537.36"

[2017-03-18 16:59:13.039] [INFO] livreor - ::ffff:127.0.0.1 - - [18/Mar/2017:15:59:13 +0000] "GET / HTTP/1.1" 200 7137 "http://localhost:8069/" "Mozilla/5.0 (Macintosh; Intel Mac OS X 10_12_3) AppleWebKit/537.36 (KHTML, like Gecko) Chrome/56.0.2924.87 Safari/537.36"

[2017-03-18 16:59:13.049] [INFO] livreor - ::ffff:127.0.0.1 - - [18/Mar/2017:15:59:13 +0000] "GET /assets/bootstrap3/css/bootstrap.min.css HTTP/1.1" 304 - "http://localhost:8069/" "Mozilla/5.0 (Macintosh; Intel Mac OS X 10_12_3) AppleWebKit/537.36 (KHTML, like Gecko) Chrome/56.0.2924.87 Safari/537.36"

[2017-03-18 17:00:30.776] [INFO] livreor - ::ffff:127.0.0.1 - - [18/Mar/2017:16:00:30 +0000] "GET / HTTP/1.1" 200 7120 "http://localhost:8069/" "Mozilla/5.0 (Macintosh; Intel Mac OS X 10_12_3) AppleWebKit/537.36 (KHTML, like Gecko) Chrome/56.0.2924.87 Safari/537.36"

[2017-03-18 17:00:30.785] [INFO] livreor - ::ffff:127.0.0.1 - - [18/Mar/2017:16:00:30 +0000] "GET /assets/bootstrap3/css/bootstrap.min.css HTTP/1.1" 304 - "http://localhost:8069/" "Mozilla/5.0 (Macintosh; Intel Mac OS X 10_12_3) AppleWebKit/537.36 (KHTML, like Gecko) Chrome/56.0.2924.87 Safari/537.36"

[2017-03-18 17:00:58.063] [INFO] livreor - ::ffff:127.0.0.1 - - [18/Mar/2017:16:00:58 +0000] "GET / HTTP/1.1" 200 7127 "http://localhost:8069/" "Mozilla/5.0 (Macintosh; Intel Mac OS X 10_12_3) AppleWebKit/537.36 (KHTML, like Gecko) Chrome/56.0.2924.87 Safari/537.36"

[2017-03-18 17:00:58.072] [INFO] livreor - ::ffff:127.0.0.1 - - [18/Mar/2017:16:00:58 +0000] "GET /assets/bootstrap3/css/bootstrap.min.css HTTP/1.1" 304 - "http://localhost:8069/" "Mozilla/5.0 (Macintosh; Intel Mac OS X 10_12_3) AppleWebKit/537.36 (KHTML, like Gecko) Chrome/56.0.2924.87 Safari/537.36"

[2017-03-18 17:01:09.876] [INFO] livreor - ::ffff:127.0.0.1 - - [18/Mar/2017:16:01:09 +0000] "POST / HTTP/1.1" 302 46 "http://localhost:8069/" "Mozilla/5.0 (Macintosh; Intel Mac OS X 10_12_3) AppleWebKit/537.36 (KHTML, like Gecko) Chrome/56.0.2924.87 Safari/537.36"

[2017-03-18 17:01:09.887] [INFO] livreor - ::ffff:127.0.0.1 - - [18/Mar/2017:16:01:09 +0000] "GET / HTTP/1.1" 200 7776 "http://localhost:8069/" "Mozilla/5.0 (Macintosh; Intel Mac OS X 10_12_3) AppleWebKit/537.36 (KHTML, like Gecko) Chrome/56.0.2924.87 Safari/537.36"

[2017-03-18 17:01:09.895] [INFO] livreor - ::ffff:127.0.0.1 - - [18/Mar/2017:16:01:09 +0000] "GET /assets/bootstrap3/css/bootstrap.min.css HTTP/1.1" 304 - "http://localhost:8069/" "Mozilla/5.0 (Macintosh; Intel Mac OS X 10_12_3) AppleWebKit/537.36 (KHTML, like Gecko) Chrome/56.0.2924.87 Safari/537.36"

[2017-03-18 17:02:19.065] [INFO] livreor - ::ffff:127.0.0.1 - - [18/Mar/2017:16:02:19 +0000] "GET / HTTP/1.1" 200 7691 "http://localhost:8069/" "Mozilla/5.0 (Macintosh; Intel Mac OS X 10_12_3) AppleWebKit/537.36 (KHTML, like Gecko) Chrome/56.0.2924.87 Safari/537.36"

[2017-03-18 17:02:19.074] [INFO] livreor - ::ffff:127.0.0.1 - - [18/Mar/2017:16:02:19 +0000] "GET /assets/bootstrap3/css/bootstrap.min.css HTTP/1.1" 304 - "http://localhost:8069/" "Mozilla/5.0 (Macintosh; Intel Mac OS X 10_12_3) AppleWebKit/537.36 (KHTML, like Gecko) Chrome/56.0.2924.87 Safari/537.36"

[2017-03-18 17:02:27.234] [INFO] livreor - ::ffff:127.0.0.1 - - [18/Mar/2017:16:02:27 +0000] "POST / HTTP/1.1" 302 46 "http://localhost:8069/" "Mozilla/5.0 (Macintosh; Intel Mac OS X 10_12_3) AppleWebKit/537.36 (KHTML, like Gecko) Chrome/56.0.2924.87 Safari/537.36"

[2017-03-18 17:02:27.241] [INFO] livreor - ::ffff:127.0.0.1 - - [18/Mar/2017:16:02:27 +0000] "GET / HTTP/1.1" 200 7807 "http://localhost:8069/" "Mozilla/5.0 (Macintosh; Intel Mac OS X 10_12_3) AppleWebKit/537.36 (KHTML, like Gecko) Chrome/56.0.2924.87 Safari/537.36"

[2017-03-18 17:02:27.253] [INFO] livreor - ::ffff:127.0.0.1 - - [18/Mar/2017:16:02:27 +0000] "GET /assets/bootstrap3/css/bootstrap.min.css HTTP/1.1" 304 - "http://localhost:8069/" "Mozilla/5.0 (Macintosh; Intel Mac OS X 10_12_3) AppleWebKit/537.36 (KHTML, like Gecko) Chrome/56.0.2924.87 Safari/537.36"

[2017-03-18 17:04:26.823] [INFO] livreor - ::ffff:127.0.0.1 - - [18/Mar/2017:16:04:26 +0000] "GET / HTTP/1.1" 200 7690 "http://localhost:8069/" "Mozilla/5.0 (Macintosh; Intel Mac OS X 10_12_3) AppleWebKit/537.36 (KHTML, like Gecko) Chrome/56.0.2924.87 Safari/537.36"

[2017-03-18 17:04:26.834] [INFO] livreor - ::ffff:127.0.0.1 - - [18/Mar/2017:16:04:26 +0000] "GET /assets/bootstrap3/css/bootstrap.min.css HTTP/1.1" 304 - "http://localhost:8069/" "Mozilla/5.0 (Macintosh; Intel Mac OS X 10_12_3) AppleWebKit/537.36 (KHTML, like Gecko) Chrome/56.0.2924.87 Safari/537.36"

[2017-03-18 17:05:27.935] [INFO] livreor - ::ffff:127.0.0.1 - - [18/Mar/2017:16:05:27 +0000] "GET / HTTP/1.1" 200 7704 "http://localhost:8069/" "Mozilla/5.0 (Macintosh; Intel Mac OS X 10_12_3) AppleWebKit/537.36 (KHTML, like Gecko) Chrome/56.0.2924.87 Safari/537.36"

[2017-03-18 17:05:27.944] [INFO] livreor - ::ffff:127.0.0.1 - - [18/Mar/2017:16:05:27 +0000] "GET /assets/bootstrap3/css/bootstrap.min.css HTTP/1.1" 304 - "http://localhost:8069/" "Mozilla/5.0 (Macintosh; Intel Mac OS X 10_12_3) AppleWebKit/537.36 (KHTML, like Gecko) Chrome/56.0.2924.87 Safari/537.36"

[2017-03-18 17:06:33.429] [INFO] livreor - ::ffff:127.0.0.1 - - [18/Mar/2017:16:06:33 +0000] "GET / HTTP/1.1" 200 7718 "http://localhost:8069/" "Mozilla/5.0 (Macintosh; Intel Mac OS X 10_12_3) AppleWebKit/537.36 (KHTML, like Gecko) Chrome/56.0.2924.87 Safari/537.36"

[2017-03-18 17:06:33.441] [INFO] livreor - ::ffff:127.0.0.1 - - [18/Mar/2017:16:06:33 +0000] "GET /assets/bootstrap3/css/bootstrap.min.css HTTP/1.1" 304 - "http://localhost:8069/" "Mozilla/5.0 (Macintosh; Intel Mac OS X 10_12_3) AppleWebKit/537.36 (KHTML, like Gecko) Chrome/56.0.2924.87 Safari/537.36"

[2017-03-18 17:07:36.561] [INFO] livreor - ::ffff:127.0.0.1 - - [18/Mar/2017:16:07:36 +0000] "GET / HTTP/1.1" 200 7744 "http://localhost:8069/" "Mozilla/5.0 (Macintosh; Intel Mac OS X 10_12_3) AppleWebKit/537.36 (KHTML, like Gecko) Chrome/56.0.2924.87 Safari/537.36"

[2017-03-18 17:07:36.573] [INFO] livreor - ::ffff:127.0.0.1 - - [18/Mar/2017:16:07:36 +0000] "GET /assets/bootstrap3/css/bootstrap.min.css HTTP/1.1" 304 - "http://localhost:8069/" "Mozilla/5.0 (Macintosh; Intel Mac OS X 10_12_3) AppleWebKit/537.36 (KHTML, like Gecko) Chrome/56.0.2924.87 Safari/537.36"

[2017-03-18 17:08:20.582] [INFO] livreor - ::ffff:127.0.0.1 - - [18/Mar/2017:16:08:20 +0000] "GET / HTTP/1.1" 200 7768 "http://localhost:8069/" "Mozilla/5.0 (Macintosh; Intel Mac OS X 10_12_3) AppleWebKit/537.36 (KHTML, like Gecko) Chrome/56.0.2924.87 Safari/537.36"

[2017-03-18 17:08:20.590] [INFO] livreor - ::ffff:127.0.0.1 - - [18/Mar/2017:16:08:20 +0000] "GET /assets/bootstrap3/css/bootstrap.min.css HTTP/1.1" 304 - "http://localhost:8069/" "Mozilla/5.0 (Macintosh; Intel Mac OS X 10_12_3) AppleWebKit/537.36 (KHTML, like Gecko) Chrome/56.0.2924.87 Safari/537.36"

[2017-03-18 17:08:24.099] [INFO] livreor - ::ffff:127.0.0.1 - - [18/Mar/2017:16:08:24 +0000] "GET / HTTP/1.1" 304 - "http://localhost:8069/" "Mozilla/5.0 (Macintosh; Intel Mac OS X 10_12_3) AppleWebKit/537.36 (KHTML, like Gecko) Chrome/56.0.2924.87 Safari/537.36"

[2017-03-18 17:08:24.107] [INFO] livreor - ::ffff:127.0.0.1 - - [18/Mar/2017:16:08:24 +0000] "GET /assets/bootstrap3/css/bootstrap.min.css HTTP/1.1" 304 - "http://localhost:8069/" "Mozilla/5.0 (Macintosh; Intel Mac OS X 10_12_3) AppleWebKit/537.36 (KHTML, like Gecko) Chrome/56.0.2924.87 Safari/537.36"

[2017-03-18 17:08:49.808] [INFO] livreor - ::ffff:127.0.0.1 - - [18/Mar/2017:16:08:49 +0000] "GET /message/3 HTTP/1.1" 200 914 "http://localhost:8069/" "Mozilla/5.0 (Macintosh; Intel Mac OS X 10_12_3) AppleWebKit/537.36 (KHTML, like Gecko) Chrome/56.0.2924.87 Safari/537.36"

[2017-03-18 17:08:49.820] [INFO] livreor - ::ffff:127.0.0.1 - - [18/Mar/2017:16:08:49 +0000] "GET /assets/bootstrap3/css/bootstrap.min.css HTTP/1.1" 304 - "http://localhost:8069/message/3" "Mozilla/5.0 (Macintosh; Intel Mac OS X 10_12_3) AppleWebKit/537.36 (KHTML, like Gecko) Chrome/56.0.2924.87 Safari/537.36"

